2023-05-09 17:36:08 [__init__....:0136]  iCloud3 v3.0.0b15, Debug Log File: 2023-05-09 17:36:08
2023-05-09 17:36:08 [__init__....:0136]  Profile:
										{'version': 1, 'ic3_version': '3.0.0b15', 'config_update_date': '2023-05-09 17:36:08', 'event_log_card_directory': 'www/custom_cards', 'event_log_card_program': 'icloud3-event-log-card.js', 'version_install_date': '2023-03-23 18:08:09'}
2023-05-09 17:36:08 [__init__....:0136]  General Configuration:
										{'log_level': 'info', 'unit_of_measurement': 'km', 'time_format': '24-hour', 'display_zone_format': 'fname', 'device_tracker_state_format': 'fname', 'max_interval': 240.0, 'offline_interval': 20, 'exit_zone_interval': 3, 'iosapp_alive_interval': 60, 'old_location_threshold': 3.0, 'old_location_adjustment': 0, 'gps_accuracy_threshold': 100, 'travel_time_factor': 0.6, 'tfz_tracking_max_distance': 8, 'passthru_zone_time': 0.5, 'track_from_base_zone': 'home', 'track_from_home_zone': True, 'center_in_zone': False, 'discard_poor_gps_inzone': False, 'distance_between_devices': True, 'inzone_intervals': {'iphone': 120, 'ipad': 120, 'watch': 15, 'airpods': 15, 'no_iosapp': 15, 'other': 120}, 'waze_used': True, 'waze_region': 'us', 'waze_min_distance': 1, 'waze_max_distance': 1000, 'waze_realtime': False, 'waze_history_database_used': True, 'waze_history_max_distance': 20, 'waze_history_track_direction': 'north_south', 'stat_zone_fname': '[name]Zone', 'stat_zone_still_time': 8.0, 'stat_zone_inzone_interval': 30.0, 'stat_zone_base_latitude': 1, 'stat_zone_base_longitude': 0, 'display_text_as': ['#1', '#2', '#3', '#4', '#5', '#6', '#7', '#8', '#9', '#10']}
2023-05-09 17:36:08 [__init__....:0136]  {'country_code': 'AU', 'region_code': 'NSW', 'zip_code': '2000', 'region_name': 'New South Wales', 'city': 'Sydney', 'time_zone': 'Australia/Sydney', 'latitude': -33.8715, 'longitude': 151.2006, 'use_metric': True}
2023-05-09 17:36:08 [__init__....:0136]  
2023-05-09 17:36:08 [__init__....:0136]  iphone13pro_icloud3, iphone13pro_icloud3:
										{'ic3_devicename': 'iphone13pro_icloud3', 'fname': 'iphone13pro_icloud3', 'picture': 'None', 'evlog_display_order': 0, 'unique_id': '', 'device_type': 'iphone', 'inzone_interval': 120.0, 'tracking_mode': 'track', 'famshr_devicename': 'TBiPhone13Pro', 'famshr_device_id': 'AWUmi/aUh9INKtDjWDZNQiy1SafcJ7ag6bYm5WgPyyZ5suL9NpZqSlgu2kpCeZAKxTjT2T72nYEqTA==', 'raw_model': 'iPhone14,2', 'model': 'iPhone', 'model_display_name': 'iPhone 13 Pro', 'fmf_email': 'None', 'fmf_device_id': '', 'iosapp_device': 'tbiphone13pro_2', 'track_from_base_zone': 'home', 'track_from_zones': ['home'], 'stat_zone_fname': '', 'old_devicename': 'iphone13pro_icloud3'}
2023-05-09 17:36:08 [__init__....:0136]  applewatchultra_icloud3, applewatchultra_icloud3:
										{'ic3_devicename': 'applewatchultra_icloud3', 'fname': 'applewatchultra_icloud3', 'picture': 'None', 'evlog_display_order': 0, 'unique_id': '', 'device_type': 'watch', 'inzone_interval': 15.0, 'tracking_mode': 'track', 'famshr_devicename': 'tbAppleWatchUltra', 'famshr_device_id': 'AcpERjCywNulJiqhU7zn5Xls2umJd0tBKRqeDz1bl/UEzlSvw22ACYY79SJmvf+CS8gcCLExN1VQQQ==', 'raw_model': 'Watch6,18', 'model': 'Apple Watch', 'model_display_name': 'Apple Watch Ultra', 'fmf_email': 'None', 'fmf_device_id': '', 'iosapp_device': 'None', 'track_from_base_zone': 'home', 'track_from_zones': ['home'], 'stat_zone_fname': '', 'old_devicename': 'applewatchultra_icloud3'}
2023-05-09 17:36:08 [__init__....:0136]  airpodspro2_icloud3, airpodspro2_icloud3:
										{'ic3_devicename': 'airpodspro2_icloud3', 'fname': 'airpodspro2_icloud3', 'picture': 'www/apple_entity_picture/airpodspro.png', 'evlog_display_order': 0, 'unique_id': '', 'device_type': 'airpods', 'inzone_interval': 15.0, 'tracking_mode': 'track', 'famshr_devicename': 'tbAirPodsPro2(1)', 'famshr_device_id': 'AXJemWV+fJgYHZAO4FQXS+5i4l+rUoWOxfvUSdjR4WQVVJmkMaKCCtL3KA55ybRDJIS4Vlk+Tzw0IgcZcTjYOdwQO49Rme254JrRcTyApqvkacgCJ7I/Yl7mqSzX02B/8w==', 'raw_model': 'AirPods8212', 'model': 'Accessory', 'model_display_name': 'AirPods Pro', 'fmf_email': 'None', 'fmf_device_id': '', 'iosapp_device': 'None', 'track_from_base_zone': 'home', 'track_from_zones': ['home'], 'stat_zone_fname': '', 'old_devicename': 'airpodspro2_icloud3'}
2023-05-09 17:36:08 [__init__....:0136]  ipadpro_icloud3, ipadpro_icloud3:
										{'ic3_devicename': 'ipadpro_icloud3', 'fname': 'ipadpro_icloud3', 'picture': 'www/apple_entity_picture/ipadpro.png', 'evlog_display_order': 0, 'unique_id': '', 'device_type': 'ipad', 'inzone_interval': 120.0, 'tracking_mode': 'track', 'famshr_devicename': 'tbiPadPro', 'famshr_device_id': 'Acr3Fg/vX6TaIHlRWrr4FP6xezDxrocr0N0jeXQwFGETd4D9PQMVL7fTY+fXSmeggzqhvv94sBBxxw==', 'raw_model': 'iPad8,11', 'model': 'iPad', 'model_display_name': 'iPad Pro', 'fmf_email': 'None', 'fmf_device_id': '', 'iosapp_device': 'tbipadpro_app', 'track_from_base_zone': 'home', 'track_from_zones': ['home'], 'stat_zone_fname': '', 'old_devicename': 'ipadpro_icloud3'}
2023-05-09 17:36:08 [__init__....:0136]  
2023-05-09 17:37:07 [sensor......:1189]  Sensor entity created: sensor.icloud3_event_log, #1
2023-05-09 17:37:07 [sensor......:1189]  Sensor entity created: sensor.icloud3_wazehist_track, #2
2023-05-09 17:37:07 [sensor......:0429]  Sensor entity created: sensor.iphone13pro_icloud3_name, #3
2023-05-09 17:37:07 [sensor......:0429]  Sensor entity created: sensor.iphone13pro_icloud3_badge, #4
2023-05-09 17:37:07 [sensor......:0429]  Sensor entity created: sensor.iphone13pro_icloud3_battery, #5
2023-05-09 17:37:07 [sensor......:0429]  Sensor entity created: sensor.iphone13pro_icloud3_battery_status, #6
2023-05-09 17:37:07 [sensor......:0429]  Sensor entity created: sensor.iphone13pro_icloud3_info, #7
2023-05-09 17:37:07 [sensor......:0429]  Sensor entity created: sensor.iphone13pro_icloud3_interval, #8
2023-05-09 17:37:07 [sensor......:0429]  Sensor entity created: sensor.iphone13pro_icloud3_last_located, #9
2023-05-09 17:37:07 [sensor......:0429]  Sensor entity created: sensor.iphone13pro_icloud3_last_update, #10
2023-05-09 17:37:07 [sensor......:0429]  Sensor entity created: sensor.iphone13pro_icloud3_next_update, #11
2023-05-09 17:37:07 [sensor......:0429]  Sensor entity created: sensor.iphone13pro_icloud3_travel_time, #12
2023-05-09 17:37:07 [sensor......:0429]  Sensor entity created: sensor.iphone13pro_icloud3_travel_time_min, #13
2023-05-09 17:37:07 [sensor......:0429]  Sensor entity created: sensor.iphone13pro_icloud3_home_distance, #14
2023-05-09 17:37:07 [sensor......:0429]  Sensor entity created: sensor.iphone13pro_icloud3_zone_distance, #15
2023-05-09 17:37:07 [sensor......:0429]  Sensor entity created: sensor.iphone13pro_icloud3_moved_distance, #16
2023-05-09 17:37:07 [sensor......:0429]  Sensor entity created: sensor.iphone13pro_icloud3_dir_of_travel, #17
2023-05-09 17:37:07 [sensor......:0429]  Sensor entity created: sensor.iphone13pro_icloud3_zone_name, #18
2023-05-09 17:37:07 [sensor......:0429]  Sensor entity created: sensor.applewatchultra_icloud3_name, #19
2023-05-09 17:37:07 [sensor......:0429]  Sensor entity created: sensor.applewatchultra_icloud3_badge, #20
2023-05-09 17:37:07 [sensor......:0429]  Sensor entity created: sensor.applewatchultra_icloud3_battery, #21
2023-05-09 17:37:07 [sensor......:0429]  Sensor entity created: sensor.applewatchultra_icloud3_battery_status, #22
2023-05-09 17:37:07 [sensor......:0429]  Sensor entity created: sensor.applewatchultra_icloud3_info, #23
2023-05-09 17:37:07 [sensor......:0429]  Sensor entity created: sensor.applewatchultra_icloud3_interval, #24
2023-05-09 17:37:07 [sensor......:0429]  Sensor entity created: sensor.applewatchultra_icloud3_last_located, #25
2023-05-09 17:37:07 [sensor......:0429]  Sensor entity created: sensor.applewatchultra_icloud3_last_update, #26
2023-05-09 17:37:07 [sensor......:0429]  Sensor entity created: sensor.applewatchultra_icloud3_next_update, #27
2023-05-09 17:37:07 [sensor......:0429]  Sensor entity created: sensor.applewatchultra_icloud3_travel_time, #28
2023-05-09 17:37:07 [sensor......:0429]  Sensor entity created: sensor.applewatchultra_icloud3_travel_time_min, #29
2023-05-09 17:37:07 [sensor......:0429]  Sensor entity created: sensor.applewatchultra_icloud3_home_distance, #30
2023-05-09 17:37:07 [sensor......:0429]  Sensor entity created: sensor.applewatchultra_icloud3_zone_distance, #31
2023-05-09 17:37:07 [sensor......:0429]  Sensor entity created: sensor.applewatchultra_icloud3_moved_distance, #32
2023-05-09 17:37:07 [sensor......:0429]  Sensor entity created: sensor.applewatchultra_icloud3_dir_of_travel, #33
2023-05-09 17:37:07 [sensor......:0429]  Sensor entity created: sensor.applewatchultra_icloud3_zone_name, #34
2023-05-09 17:37:07 [sensor......:0429]  Sensor entity created: sensor.airpodspro2_icloud3_name, #35
2023-05-09 17:37:07 [sensor......:0429]  Sensor entity created: sensor.airpodspro2_icloud3_badge, #36
2023-05-09 17:37:07 [sensor......:0429]  Sensor entity created: sensor.airpodspro2_icloud3_battery, #37
2023-05-09 17:37:07 [sensor......:0429]  Sensor entity created: sensor.airpodspro2_icloud3_battery_status, #38
2023-05-09 17:37:07 [sensor......:0429]  Sensor entity created: sensor.airpodspro2_icloud3_info, #39
2023-05-09 17:37:07 [sensor......:0429]  Sensor entity created: sensor.airpodspro2_icloud3_interval, #40
2023-05-09 17:37:07 [sensor......:0429]  Sensor entity created: sensor.airpodspro2_icloud3_last_located, #41
2023-05-09 17:37:07 [sensor......:0429]  Sensor entity created: sensor.airpodspro2_icloud3_last_update, #42
2023-05-09 17:37:07 [sensor......:0429]  Sensor entity created: sensor.airpodspro2_icloud3_next_update, #43
2023-05-09 17:37:07 [sensor......:0429]  Sensor entity created: sensor.airpodspro2_icloud3_travel_time, #44
2023-05-09 17:37:07 [sensor......:0429]  Sensor entity created: sensor.airpodspro2_icloud3_travel_time_min, #45
2023-05-09 17:37:07 [sensor......:0429]  Sensor entity created: sensor.airpodspro2_icloud3_home_distance, #46
2023-05-09 17:37:07 [sensor......:0429]  Sensor entity created: sensor.airpodspro2_icloud3_zone_distance, #47
2023-05-09 17:37:07 [sensor......:0429]  Sensor entity created: sensor.airpodspro2_icloud3_moved_distance, #48
2023-05-09 17:37:07 [sensor......:0429]  Sensor entity created: sensor.airpodspro2_icloud3_dir_of_travel, #49
2023-05-09 17:37:07 [sensor......:0429]  Sensor entity created: sensor.airpodspro2_icloud3_zone_name, #50
2023-05-09 17:37:07 [sensor......:0429]  Sensor entity created: sensor.ipadpro_icloud3_name, #51
2023-05-09 17:37:07 [sensor......:0429]  Sensor entity created: sensor.ipadpro_icloud3_badge, #52
2023-05-09 17:37:07 [sensor......:0429]  Sensor entity created: sensor.ipadpro_icloud3_battery, #53
2023-05-09 17:37:07 [sensor......:0429]  Sensor entity created: sensor.ipadpro_icloud3_battery_status, #54
2023-05-09 17:37:07 [sensor......:0429]  Sensor entity created: sensor.ipadpro_icloud3_info, #55
2023-05-09 17:37:07 [sensor......:0429]  Sensor entity created: sensor.ipadpro_icloud3_interval, #56
2023-05-09 17:37:07 [sensor......:0429]  Sensor entity created: sensor.ipadpro_icloud3_last_located, #57
2023-05-09 17:37:07 [sensor......:0429]  Sensor entity created: sensor.ipadpro_icloud3_last_update, #58
2023-05-09 17:37:07 [sensor......:0429]  Sensor entity created: sensor.ipadpro_icloud3_next_update, #59
2023-05-09 17:37:07 [sensor......:0429]  Sensor entity created: sensor.ipadpro_icloud3_travel_time, #60
2023-05-09 17:37:07 [sensor......:0429]  Sensor entity created: sensor.ipadpro_icloud3_travel_time_min, #61
2023-05-09 17:37:07 [sensor......:0429]  Sensor entity created: sensor.ipadpro_icloud3_home_distance, #62
2023-05-09 17:37:07 [sensor......:0429]  Sensor entity created: sensor.ipadpro_icloud3_zone_distance, #63
2023-05-09 17:37:07 [sensor......:0429]  Sensor entity created: sensor.ipadpro_icloud3_moved_distance, #64
2023-05-09 17:37:07 [sensor......:0429]  Sensor entity created: sensor.ipadpro_icloud3_dir_of_travel, #65
2023-05-09 17:37:07 [sensor......:0429]  Sensor entity created: sensor.ipadpro_icloud3_zone_name, #66
2023-05-09 17:37:07 [sensor......:0112]  Sensor entities created:  66
2023-05-09 17:37:07 [sensor......:0113]  Sensor entities excluded: 0
2023-05-09 17:37:07 [device_track:0202]  Device Tracker entity created: device_tracker.iphone13pro_icloud3, #1
2023-05-09 17:37:07 [device_track:0202]  Device Tracker entity created: device_tracker.applewatchultra_icloud3, #2
2023-05-09 17:37:07 [device_track:0202]  Device Tracker entity created: device_tracker.airpodspro2_icloud3, #3
2023-05-09 17:37:07 [device_track:0202]  Device Tracker entity created: device_tracker.ipadpro_icloud3, #4
2023-05-09 17:37:07 [device_track:0095]  Device Tracker entities created: 4
2023-05-09 17:37:07 [start_ic3...:0324]  Configure iCloud3 Operations >
													    • Load configuration parameters
													    • Set Display Text As Fields (0 used)
													    • Set Default Tracking Method (FamShr)
													    • Initialize Debug Control (info)
													    • Set Unit of Measure Formats (km)
													    • Set Event Log Record Limits (4000 Events)
2023-05-09 17:37:07 [pyicloud_ic3:0156]  Connecting to and Authenticating iCloud Location Services Interface (init)
2023-05-09 17:37:07 [__init__....:0204]  START iCloud3 Initial Load Executor Job (iCloud3.start_icloud3)
2023-05-09 17:37:07 [start_ic3_co:0059]  STAGE 1 >  iCloud3 Directory > /config/custom_components/icloud3
2023-05-09 17:37:07 [pyicloud_ic3:0467]  Initialize PyiCloud Service, establish iCloud Location Services connection
2023-05-09 17:37:07 [start_ic3_co:0063]  STAGE 1 >  iCloud3 Configuration File > /config/.storage/icloud3/configuration
2023-05-09 17:37:07 [start_ic3...:1942]  STAGE 1 >  iCloud3 is an HA Integration. Delete the 'platform: icloud3` configuration parameters in the HA `configuration.yaml` file.
2023-05-09 17:37:07 [start_ic3...:0682]  STAGE 1 >  iCloud3 Event Log > 
													    • Current Version Installed-v3.0.7
													    • File-/config/www/custom_cards/icloud3-event-log-card.js
2023-05-09 17:37:08 [start_ic3_co:0069]  STAGE 1 >  LocationInfo-{'country_code': 'AU', 'region_code': 'NSW', 'zip_code': '2000', 'region_name': 'New South Wales', 'city': 'Sydney', 'time_zone': 'Australia/Sydney', 'latitude': -33.8715, 'longitude': 151.2006, 'use_metric': True}
2023-05-09 17:37:08 [pyicloud_ic3:0817]  STAGE 1 > Read Cookies from /config/.storage/icloud/thomasthomasbaxterinfo
2023-05-09 17:37:08 [time_util...:0456]  STAGE 1 >  Local Time Zone Offset > UTC+10:00 hrs, AEST, Country Code-US
2023-05-09 17:37:08 [pyicloud_ic3:0433]  STAGE 1 >  AUTHENTICATING iCloud Account Access, th....@th............... (init)
2023-05-09 17:37:08 [pyicloud_ic3:0541]  Authenticating account th....@th...............
2023-05-09 17:37:08 [start_ic3_co:0074]  STAGE 1 >  Stage 1 > Initial Preparations
2023-05-09 17:37:08 [start_ic3...:0901]  STAGE 2 >  Set up Zones > zone, Display (fname), device_tracker (fname)
													    • trc, TRC, TRC (r31m)
													    • bgc, BGC, BGC (r20m)
													    • home, tbSmartHome, home (r100m)
2023-05-09 17:37:08 [start_ic3...:0930]  STAGE 2 >  Special Zone Setup >
													    • PassThru Zone > Delay-30 sec
													    • Stationary Zone > Radius-200m, DistMoveLimit-150 m, MinDistFromAnotherZone-200 m, BaseDistFromHome-996 m, BaseLocation-(-31.07235, 150.94168)
2023-05-09 17:37:08 [waze........:0066]  STAGE 2 >  Set Up Waze > Server-United States, Canada (US), CountryCode-US, MinDist-1km, MaxDist-1000km, Realtime-False, HistoryDatabaseUsed-True
2023-05-09 17:37:08 [waze_history:0176]  STAGE 2 >  > Waze History Database > /config/.storage/icloud3/waze_location_history.db
2023-05-09 17:37:08 [waze_history:0496]  STAGE 2 >  Waze History Database > Compressed, Record Count-0
2023-05-09 17:37:08 [waze_history:0324]  STAGE 2 >  > WazeHistDB > Get Record, Table-zones, Criteria-entity_id='home', Zone-1 (home)
2023-05-09 17:37:08 [start_ic3_co:0101]  STAGE 2 >  Stage 2 > Prepare Support Services
2023-05-09 17:37:09 [pyicloud_ic3:0579]  Authentication completed successfully, method-Token
2023-05-09 17:37:09 [device......:0532]  STAGE 3 >  ADDED DeviceFmZone-iphone13pro_icloud3:home
2023-05-09 17:37:09 [start_ic3...:1041]  STAGE 3 >  ADDED Device-iphone13pro_icloud3
2023-05-09 17:37:09 [start_ic3...:1062]  STAGE 3 >  ✓ iphone13pro_icloud3 > iphone13pro_icloud3/iPhone (Tracked)
													    ◦ FamShr Device: TBiPhone13Pro
													    ◦ FmF Device: None
													    ◦ iOSApp Entity: tbiphone13pro_2
2023-05-09 17:37:09 [device......:0532]  STAGE 3 >  ADDED DeviceFmZone-applewatchultra_icloud3:home
2023-05-09 17:37:09 [start_ic3...:1041]  STAGE 3 >  ADDED Device-applewatchultra_icloud3
2023-05-09 17:37:09 [start_ic3...:1062]  STAGE 3 >  ✓ applewatchultra_icloud3 > applewatchultra_icloud3/Watch (Tracked)
													    ◦ FamShr Device: tbAppleWatchUltra
													    ◦ FmF Device: None
													    ◦ iOSApp Entity: NotMonitored
2023-05-09 17:37:09 [device......:0532]  STAGE 3 >  ADDED DeviceFmZone-airpodspro2_icloud3:home
2023-05-09 17:37:09 [start_ic3...:1041]  STAGE 3 >  ADDED Device-airpodspro2_icloud3
2023-05-09 17:37:09 [start_ic3...:1062]  STAGE 3 >  ✓ airpodspro2_icloud3 > airpodspro2_icloud3/AirPods (Tracked)
													    ◦ FamShr Device: tbAirPodsPro2(1)
													    ◦ FmF Device: None
													    ◦ iOSApp Entity: NotMonitored
2023-05-09 17:37:09 [device......:0532]  STAGE 3 >  ADDED DeviceFmZone-ipadpro_icloud3:home
2023-05-09 17:37:09 [start_ic3...:1041]  STAGE 3 >  ADDED Device-ipadpro_icloud3
2023-05-09 17:37:09 [start_ic3...:1062]  STAGE 3 >  ✓ ipadpro_icloud3 > ipadpro_icloud3/iPad (Tracked)
													    ◦ FamShr Device: tbiPadPro
													    ◦ FmF Device: None
													    ◦ iOSApp Entity: tbipadpro_app
2023-05-09 17:37:09 [start_ic3_co:0159]  STAGE 3 >  Stage 3 > Prepare Configured Devices
2023-05-09 17:37:09 [start_ic3_co:0183]  STAGE 4 >  iCloud Account Used > th....@th...............
2023-05-09 17:37:10 [pyicloud_ic3:0190]  STAGE 4 > Re-authenticating iCloud Account (450)
2023-05-09 17:37:10 [pyicloud_ic3:0541]  Authenticating account th....@th...............
2023-05-09 17:37:10 [pyicloud_ic3:0190]  STAGE 4 > Re-authenticating iCloud Account (450)
2023-05-09 17:37:10 [pyicloud_ic3:0541]  Authenticating account th....@th...............
2023-05-09 17:37:11 [pyicloud_ic3:0579]  Authentication completed successfully, method-Token
2023-05-09 17:37:11 [pyicloud_ic3:0281]  iCloud Account Authentication is needed (450)
2023-05-09 17:37:11 [pyicloud_ic3:1254]  STAGE 4 > No data returned from fmi refresh request
2023-05-09 17:37:11 [pyicloud_ic3:1321]  STAGE 4 >  UPDATED FamShr Data > RequestedBy-None
2023-05-09 17:37:11 [pyicloud_ic3:1187]  STAGE 4 >  iCloud3 Notice > Some FamShr devices were not initialized, data was not received from iCloud Location Services. Retrying...
													    • Not set up-iphone13pro_icloud3 (TBiPhone13Pro), applewatchultra_icloud3 (tbAppleWatchUltra), airpodspro2_icloud3 (tbAirPodsPro2(1)), ipadpro_icloud3 (tbiPadPro) (stage4)
2023-05-09 17:37:11 [pyicloud_ic3:0579]  Authentication completed successfully, method-ken, Token
2023-05-09 17:37:11 [pyicloud_ic3:0190]  STAGE 4 > Re-authenticating iCloud Account (450)
2023-05-09 17:37:11 [pyicloud_ic3:0541]  Authenticating account th....@th...............
2023-05-09 17:37:11 [pyicloud_ic3:1566]  STAGE 4 >  FmF iCloudData Update RequestedBy-None
2023-05-09 17:37:11 [start_ic3...:1113]  STAGE 4 >  Family Sharing devices > NO DEVICES FOUND
2023-05-09 17:37:11 [start_ic3...:1290]  STAGE 4 >  Find-My-Friends devices > No FmF devices configured
2023-05-09 17:37:11 [start_ic3...:1503]  STAGE 4 >  Set PyiCloud Device Id > iphone13pro_icloud3, TrkMethod-None, 
													   FamShr-(None), FmF-(None)
2023-05-09 17:37:11 [start_ic3...:1503]  STAGE 4 >  Set PyiCloud Device Id > applewatchultra_icloud3, TrkMethod-None, 
													   FamShr-(None), FmF-(None)
2023-05-09 17:37:11 [start_ic3...:1503]  STAGE 4 >  Set PyiCloud Device Id > airpodspro2_icloud3, TrkMethod-None, 
													   FamShr-(None), FmF-(None)
2023-05-09 17:37:11 [start_ic3...:1503]  STAGE 4 >  Set PyiCloud Device Id > ipadpro_icloud3, TrkMethod-None, 
													   FamShr-(None), FmF-(None)
2023-05-09 17:37:11 [start_ic3...:1510]  STAGE 4 >  PyiCloud Devices >
2023-05-09 17:37:12 [start_ic3...:1708]  STAGE 4 >  iOS App Devices > 
													    ✓ TBiPhone13Pro  (tbiphone13pro_2) → iphone13pro_icloud3 (iPhone14,2)
													    ✓ tbiPadPro  (tbipadpro_app) → ipadpro_icloud3 (iPhone)
													    • iPad  (tbmacbookair_2) → Not Monitored, iPad (MacBookAir10,1)
2023-05-09 17:37:12 [start_ic3_co:0211]  STAGE 4 >  Stage 4 > Setup iCloud & iOSApp Tracking Methods
2023-05-09 17:37:12 [start_ic3...:1786]  STAGE 5 >  Untrackable Device Alert > Devices are not being tracked:
													    • applewatchultra_icloud3 (applewatchultra_icloud3/Watch)
													    • airpodspro2_icloud3 (airpodspro2_icloud3/AirPods)
													   ━━━━━━━━━━━━━━━━━━━━
													   This can be caused by:
													    • iCloud3 Device configuration error
													    • No iCloud or iOS App device have been selected
													    • This device is no longer in the FamShr or FmF device list
													    • iCloud or iOS App are not being used to locate devices
													    • iCloud is not responding to location requests
													    • An internal code error occurred
2023-05-09 17:37:12 [iosapp_data_:0452]  STAGE 5 >  UPDATED iOSApp > iphone13pro_icloud3, not_set, 
													    • Loc-17:36:08, Home-14 m, (-31.08130, 150.94182/±6m)
2023-05-09 17:37:12 [start_ic3...:1927]  STAGE 5 >  ADDED StationaryZone-iphone13pro_icloud3_stationary
2023-05-09 17:37:12 [start_ic3...:1863]  STAGE 5 >  Tracked Device > iphone13pro_icloud3 (iphone13pro_icloud3/iPhone)
													    • FamShr Device: TBiPhone13Pro 
													    • iOSApp Entity: device_tracker.tbiphone13pro_2
													    • Update Trigger: tbiphone13pro_last_update_trigger
													    • Battery: tbiphone13pro_battery_level
													    • Notifications: WAITING FOR NOTIFY SERVICE TO START
													    • Stationary Zone: iphone13pro_icloud3_stationary (iphoZone)
2023-05-09 17:37:12 [iosapp_data_:0452]  STAGE 5 >  UPDATED iOSApp > ipadpro_icloud3, not_set, 
													    • Loc-17:36:08, Home-15 m, (-31.08147, 150.94165/±35m)
2023-05-09 17:37:12 [start_ic3...:1927]  STAGE 5 >  ADDED StationaryZone-ipadpro_icloud3_stationary
2023-05-09 17:37:12 [start_ic3...:1863]  STAGE 5 >  Tracked Device > ipadpro_icloud3 (ipadpro_icloud3/iPad)
													    • FamShr Device: tbiPadPro 
													    • iOSApp Entity: device_tracker.tbipadpro_app
													    • Update Trigger: ipad_last_update_trigger
													    • Battery: ipad_battery_level
													    • Notifications: mobile_app_ipad
													    • Stationary Zone: ipadpro_icloud3_stationary (ipadZone)
2023-05-09 17:37:12 [start_ic3...:1899]  STAGE 5 >  StatZones-{'ipadpro_icloud3': <StatZone: ipadpro_icloud3_stationary>}
2023-05-09 17:37:12 [start_ic3...:1902]  STAGE 5 >  Devices-{'iphone13pro_icloud3': <Device: iphone13pro_icloud3>, 'ipadpro_icloud3': <Device: ipadpro_icloud3>}
2023-05-09 17:37:12 [start_ic3...:1907]  STAGE 5 >  Device-iphone13pro_icloud3, DeviceFmZones-{'home': <DeviceFmZone: iphone13pro_icloud3:home>}
2023-05-09 17:37:12 [start_ic3...:1907]  STAGE 5 >  Device-applewatchultra_icloud3, DeviceFmZones-{'home': <DeviceFmZone: applewatchultra_icloud3:home>}
2023-05-09 17:37:12 [start_ic3...:1907]  STAGE 5 >  Device-airpodspro2_icloud3, DeviceFmZones-{'home': <DeviceFmZone: airpodspro2_icloud3:home>}
2023-05-09 17:37:12 [start_ic3...:1907]  STAGE 5 >  Device-ipadpro_icloud3, DeviceFmZones-{'home': <DeviceFmZone: ipadpro_icloud3:home>}
2023-05-09 17:37:12 [start_ic3...:1910]  STAGE 5 >  Zones-{'not_home': <Zone: not_home>, 'Not_Home': <Zone: Not_Home>, 'not_set': <Zone: not_set>, 'Not_Set': <Zone: Not_Set>, 'stationary': <Zone: stationary>, 'Stationary': <Zone: Stationary>, 'unknown': <Zone: unknown>, 'trc': <Zone: trc>, 'bgc': <Zone: bgc>, 'home': <Zone: home>, 'iphone13pro_icloud3_stationary': <StatZone: iphone13pro_icloud3_stationary>, 'ipadpro_icloud3_stationary': <StatZone: ipadpro_icloud3_stationary>}
2023-05-09 17:37:12 [start_ic3_co:0273]  STAGE 5 >  Stage 5 > Configure Tracked Devices
2023-05-09 17:37:12 [start_ic3...:1942]  STAGE 6 >  iCloud3 is an HA Integration. Delete the 'platform: icloud3` configuration parameters in the HA `configuration.yaml` file.
2023-05-09 17:37:12 [start_ic3...:1899]  STAGE 6 >  StatZones-{'ipadpro_icloud3': <StatZone: ipadpro_icloud3_stationary>}
2023-05-09 17:37:12 [start_ic3...:1902]  STAGE 6 >  Devices-{'iphone13pro_icloud3': <Device: iphone13pro_icloud3>, 'ipadpro_icloud3': <Device: ipadpro_icloud3>}
2023-05-09 17:37:12 [start_ic3...:1907]  STAGE 6 >  Device-iphone13pro_icloud3, DeviceFmZones-{'home': <DeviceFmZone: iphone13pro_icloud3:home>}
2023-05-09 17:37:12 [start_ic3...:1907]  STAGE 6 >  Device-applewatchultra_icloud3, DeviceFmZones-{'home': <DeviceFmZone: applewatchultra_icloud3:home>}
2023-05-09 17:37:12 [start_ic3...:1907]  STAGE 6 >  Device-airpodspro2_icloud3, DeviceFmZones-{'home': <DeviceFmZone: airpodspro2_icloud3:home>}
2023-05-09 17:37:12 [start_ic3...:1907]  STAGE 6 >  Device-ipadpro_icloud3, DeviceFmZones-{'home': <DeviceFmZone: ipadpro_icloud3:home>}
2023-05-09 17:37:12 [start_ic3...:1910]  STAGE 6 >  Zones-{'not_home': <Zone: not_home>, 'Not_Home': <Zone: Not_Home>, 'not_set': <Zone: not_set>, 'Not_Set': <Zone: Not_Set>, 'stationary': <Zone: stationary>, 'Stationary': <Zone: Stationary>, 'unknown': <Zone: unknown>, 'trc': <Zone: trc>, 'bgc': <Zone: bgc>, 'home': <Zone: home>, 'iphone13pro_icloud3_stationary': <StatZone: iphone13pro_icloud3_stationary>, 'ipadpro_icloud3_stationary': <StatZone: ipadpro_icloud3_stationary>}
2023-05-09 17:37:12 [start_ic3_co:0309]  INITLOC >  Requesting Initial Locate
2023-05-09 17:37:12 [start_ic3_co:0311]  INITLOC >  Initializing iCloud3 v3.0.0b15 > Complete
2023-05-09 17:37:12 [icloud3_main:0181]  Commit Log File Records, RequestedBy-iCloud3 Initialization
2023-05-09 17:37:12 [__init__....:0209]  iCloud3 3.0.0b15 started
2023-05-09 17:37:13 [pyicloud_ic3:0579]  Authentication completed successfully, method-Token
2023-05-09 17:37:13 [pyicloud_ic3:1321]  UPDATED FamShr Data > RequestedBy-None
													    • ADDED-tbAirPodsPro2, 17:33:46/35m
													    • ADDED-tbiPadPro, 17:20:56/35m
													    • NO LOCATION FamShr Data-52roderickst-srv/AZPvYEcK, Mac mini (Macmini5,2)
													    • NO LOCATION FamShr Data-Thomas’s iMac/AYYV0X1y, iMac (iMac12,1)
													    • NO LOCATION FamShr Data-tbMacBookPro/AeJL2Oag, MacBook Pro (MacBookPro15,1)
													    • ADDED-tbAirpodsPro, 17:38:23/35m
													    • ADDED-tbAppleWatch7, 17:20:56/35m
													    • NO LOCATION FamShr Data-iPad Pro/AbHlmFBr, iPad (iPad6,7)
													    • ADDED-tbAppleWatchUltra, 17:19:04/9m
													    • NO LOCATION FamShr Data-Thomas's iPad/AfcXfbHm, iPad (iPad2,7)
													    • NO LOCATION FamShr Data-thomas-mbp/AQQOTDh2, MacBook Pro (MacBookPro11,2)
													    • NO LOCATION FamShr Data-iPod touch/AXr35Unl, iPod (iPod7,1)
													    • NO LOCATION FamShr Data-tbMacBookAir/AcS04EOU, MacBook Air (MacBookAir10,1)
													    • ADDED-TBiPhone13Pro, 17:37:12/6m
													    • ADDED-tbAirPodsPro2 as tbAirPodsPro2(1), 16:32:05/16m
													    • NO LOCATION FamShr Data-tbAirPods/AVEO2zxJ, Accessory (AirPods_8194)
													    • NO LOCATION FamShr Data-Thomas's iPod touch/Aa28Yigb, iPod (iPod5,1)
													    • NO LOCATION FamShr Data-Cath's iPad/AQGyjv3F, iPad (iPad4,1)
													    • NO LOCATION FamShr Data-Cath’s iPhone/AbnRkIaS, iPhone (iPhone6,2)
													    • NO LOCATION FamShr Data-Cath’s iPhone/AYZsPR7e, iPhone (iPhone8,4)
													    • NO LOCATION FamShr Data-Cath's iPad/AYFr5I1z, iPad (iPad2,7)
													    • NO LOCATION FamShr Data-Cath’s iPhone/AVKikYm/, iPhone (iPhone11,8)
													    • NO LOCATION FamShr Data-Cath’s iPhone (2)/AYLM5PwU, iPhone (iPhone14,5)
2023-05-09 17:37:13 [pyicloud_ic3:1198]  iCloud3 Alert > FamShr initialization retry successful
2023-05-09 17:37:13 [pyicloud_ic3:0227]  iCloud Acct Auth (#1) > Token, Last-Initial, Took-6 sec
2023-05-09 17:37:13 [pyicloud_ic3:0056]  iCloud Location Services interface > Verified (init)
2023-05-09 17:37:15 [iosapp_data_:0452]  IOSAPP >  UPDATED iOSApp > iphone13pro_icloud3, Enter Zone, 
													    • Loc-17:36:08, Home-14 m, (-31.08130, 150.94182/±6m)
2023-05-09 17:37:15 [iosapp_data_:0281]  IOSAPP > iphone13pro_icloud3 > iOSApp Monitor > Trigger-Enter Zone@17:36:08 (1.1 min ago), State-home@17:36:08 (1.1 min ago), LastTrigger-Sig Loc Change@17:20:38, iOSAppData-17:36:08, LastZoneEnter-home@17:36:08, WillUpdate-True-Enter Zone@17:36:08 (tbSmartHome/14 m), Located-00:00:00 (not_set), GPS-(-31.08130, 150.94182/±6m), Enter Zone@17:36:08 (tbSmartHome/14 m)
2023-05-09 17:37:15 [icloud3_main:0373]  IOSAPP > iphone13pro_icloud3 > Trigger > Enter Zone@17:36:08 (tbSmartHome/14 m)
2023-05-09 17:37:15 [icloud3_main:0648]  IOSAPP > iphone13pro_icloud3 > ────▼─▽─▼──── ▷▷ IOSAPP ◁◁ IPHONE13PRO_ICLOUD3, CURRZONE-HOME, ENTER ZONE@17:36:08 (TBSMARTHOME/14 M) ────▼─▽─▼────
2023-05-09 17:37:15 [device......:1714]  IOSAPP > iphone13pro_icloud3 > Updated (iOSApp) > 00:00:00/0m → 17:36:08/±6m, Located-1.1 min ago, Moved-0 m
2023-05-09 17:37:15 [icloud3_main:0861]  IOSAPP > iphone13pro_icloud3 > iOSApp update started > Enter Zone@17:36:08
2023-05-09 17:37:15 [icloud3_main:1059]  IOSAPP > iphone13pro_icloud3 > Zone > tbSmartHome-14 m/r100m, GPS-(-31.08130, 150.94182/±6m)
2023-05-09 17:37:15 [icloud3_main:1065]  IOSAPP > iphone13pro_icloud3 > Zone > tbSmartHome >  tbSmartHome-14 m,  TRC-1.34 km,  BGC-1.65 km
2023-05-09 17:37:15 [determine_in:1168]  IOSAPP > iphone13pro_icloud3 > Nearby Devices (<15m) > ⊗ipadpro_icloud3/iPad-0m/±0m
2023-05-09 17:37:15 [icloud3_main:0933]  IOSAPP > iphone13pro_icloud3 > ────▼─▽─▼──── ▷▷ IOSAPP ◁◁ IPHONE13PRO_ICLOUD3, CURRZONE-HOME, HOME ────▼─▽─▼────
2023-05-09 17:37:15 [determine_in:0161]  IOSAPP > iphone13pro_icloud3 > DistFmZome-0, Moved-0, Waze-0, Calc-0.013835, TravTime-0, Dir-InZone
2023-05-09 17:37:15 [determine_in:0549]  IOSAPP > iphone13pro_icloud3 > Results: From-tbSmartHome > NextUpdate-19:37:15, Interval-2 hrs, Battery-91%, Method-3.InHomeZone
2023-05-09 17:37:15 [determine_in:0570]  [iphone13pro_icloud3] Tracking Results: From-tbSmartHome > iOSAppZone-home, iC3Zone-home, Interval-2 hrs, TravTime-, Dist-0 m, NextUpdt-19:37:15, MaxDist-0 m, Dir-InZone, Moved-0 m, Battery-91%, LastDataUpdate-17:37:15, GPSAccuracy-6m, LocAge-1.1 min ago, OldThreshold-2 min, LastEvLogMsg-17:37:15, Method-3.InHomeZone
2023-05-09 17:37:15 [icloud3_main:0939]  IOSAPP > iphone13pro_icloud3 > ────▲─△─▲──── ▷▷ IOSAPP ◁◁ IPHONE13PRO_ICLOUD3, CURRZONE-HOME, HOME ────▲─△─▲────
2023-05-09 17:37:15 [icloud3_main:0870]  IOSAPP > iphone13pro_icloud3 > iOSApp update completed > Date source - iOSApp
2023-05-09 17:37:15 [icloud3_main:1364]  IOSAPP > iphone13pro_icloud3 > Device Monitor > iosapp, Trigger > Initial Locate, AttrsZone-home, LocDataZone-home, Located-17:36:08 (1.1 min ago), iOSAppGPS-(-31.08130, 150.94182/±6m), iOSAppState-home), GPS-(-31.08130, 150.94182/±6m)
2023-05-09 17:37:15 [icloud3_main:0827]  IOSAPP > iphone13pro_icloud3 > ────▲─△─▲──── ▷▷ IOSAPP/IOSAPP ◁◁ IPHONE13PRO_ICLOUD3, CURRZONE-HOME, GEN UPDATE ────▲─△─▲────
2023-05-09 17:37:15 [iosapp_data_:0452]  IOSAPP >  UPDATED iOSApp > ipadpro_icloud3, Enter Zone, 
													    • Loc-17:36:08, Home-15 m, (-31.08147, 150.94165/±35m)
2023-05-09 17:37:15 [iosapp_data_:0281]  IOSAPP > ipadpro_icloud3 > iOSApp Monitor > Trigger-Enter Zone@17:36:08 (1.1 min ago), State-home@17:36:08 (1.1 min ago), LastTrigger-FamShr@15:59:24, iOSAppData-17:36:08, LastZoneEnter-home@17:36:08, WillUpdate-True-Enter Zone@17:36:08 (tbSmartHome/15 m), Located-00:00:00 (not_set), GPS-(-31.08147, 150.94165/±35m), Enter Zone@17:36:08 (tbSmartHome/15 m)
2023-05-09 17:37:15 [icloud3_main:0373]  IOSAPP > ipadpro_icloud3 > Trigger > Enter Zone@17:36:08 (tbSmartHome/15 m)
2023-05-09 17:37:15 [icloud3_main:0648]  IOSAPP > ipadpro_icloud3 > ────▼─▽─▼──── ▷▷ IOSAPP ◁◁ IPADPRO_ICLOUD3, CURRZONE-HOME, ENTER ZONE@17:36:08 (TBSMARTHOME/15 M) ────▼─▽─▼────
2023-05-09 17:37:15 [device......:1714]  IOSAPP > ipadpro_icloud3 > Updated (iOSApp) > 00:00:00/0m → 17:36:08/±35m, Located-1.1 min ago, Moved-0 m
2023-05-09 17:37:15 [icloud3_main:0861]  IOSAPP > ipadpro_icloud3 > iOSApp update started > Enter Zone@17:36:08
2023-05-09 17:37:15 [icloud3_main:1059]  IOSAPP > ipadpro_icloud3 > Zone > tbSmartHome-15 m/r100m, GPS-(-31.08147, 150.94165/±35m)
2023-05-09 17:37:15 [icloud3_main:1065]  IOSAPP > ipadpro_icloud3 > Zone > tbSmartHome >  tbSmartHome-15 m,  TRC-1.31 km,  BGC-1.62 km
2023-05-09 17:37:15 [determine_in:1168]  IOSAPP > ipadpro_icloud3 > Nearby Devices (<15m) > ⊗iphone13pro_icloud3/iPhone-25m/±6m
2023-05-09 17:37:15 [icloud3_main:0933]  IOSAPP > ipadpro_icloud3 > ────▼─▽─▼──── ▷▷ IOSAPP ◁◁ IPADPRO_ICLOUD3, CURRZONE-HOME, HOME ────▼─▽─▼────
2023-05-09 17:37:15 [determine_in:0161]  IOSAPP > ipadpro_icloud3 > DistFmZome-0, Moved-0, Waze-0, Calc-0.015297, TravTime-0.01574, Dir-InZone
2023-05-09 17:37:15 [determine_in:0549]  IOSAPP > ipadpro_icloud3 > Results: From-tbSmartHome > NextUpdate-19:37:15, Interval-2 hrs, Battery-100%, Method-3.InHomeZone
2023-05-09 17:37:15 [determine_in:0570]  [ipadpro_icloud3] Tracking Results: From-tbSmartHome > iOSAppZone-home, iC3Zone-home, Interval-2 hrs, TravTime-, Dist-0 m, NextUpdt-19:37:15, MaxDist-0 m, Dir-InZone, Moved-0 m, Battery-100%, LastDataUpdate-17:37:15, GPSAccuracy-35m, LocAge-1.1 min ago, OldThreshold-2 min, LastEvLogMsg-17:37:15, Method-3.InHomeZone
2023-05-09 17:37:15 [icloud3_main:0939]  IOSAPP > ipadpro_icloud3 > ────▲─△─▲──── ▷▷ IOSAPP ◁◁ IPADPRO_ICLOUD3, CURRZONE-HOME, HOME ────▲─△─▲────
2023-05-09 17:37:15 [icloud3_main:0870]  IOSAPP > ipadpro_icloud3 > iOSApp update completed > Date source - iOSApp
2023-05-09 17:37:15 [icloud3_main:1364]  IOSAPP > ipadpro_icloud3 > Device Monitor > iosapp, Trigger > Initial Locate, AttrsZone-home, LocDataZone-home, Located-17:36:08 (1.1 min ago), iOSAppGPS-(-31.08147, 150.94165/±35m), iOSAppState-home), GPS-(-31.08147, 150.94165/±35m)
2023-05-09 17:37:15 [icloud3_main:0827]  IOSAPP > ipadpro_icloud3 > ────▲─△─▲──── ▷▷ IOSAPP/IOSAPP ◁◁ IPADPRO_ICLOUD3, CURRZONE-HOME, GEN UPDATE ────▲─△─▲────
2023-05-09 17:37:20 [iosapp_data_:0281]  IOSAPP > iphone13pro_icloud3 > iOSApp Monitor > Trigger-periodic@17:36:08 (1.2 min ago), State-home@17:36:08 (1.2 min ago), LastTrigger-Enter Zone@17:36:08, iOSAppData-17:36:08, LastZoneEnter-home@17:36:08, WillUpdate-False-Before Last Update, Located-17:36:08 (iOSApp), GPS-(-31.08130, 150.94182/±6m), Enter Zone@17:36:08 (tbSmartHome/14 m)
2023-05-09 17:37:20 [iosapp_data_:0281]  IOSAPP > ipadpro_icloud3 > iOSApp Monitor > Trigger-periodic@17:36:08 (1.2 min ago), State-home@17:36:08 (1.2 min ago), LastTrigger-Enter Zone@17:36:08, iOSAppData-17:36:08, LastZoneEnter-home@17:36:08, WillUpdate-False-Before Last Update, Located-17:36:08 (iOSApp), GPS-(-31.08147, 150.94165/±35m), Enter Zone@17:36:08 (tbSmartHome/15 m)
2023-05-09 17:59:15 [icloud3_main:0513]  iphone13pro_icloud3 > Battery Info > Level-89%, Not Charging (iOSApp)
2023-05-09 18:00:00 [device......:1860]  Device Status > iphone13pro_icloud3 > NearDevice-None, iOSAppZone-home, iC3Zone-home, Interval-2 hrs, TravTime-0 sec, Dist-0 km, NextUpdt-19:37:15, Dir-@tbSmar, Moved-0, LastUpdate-17:37:15, IntoStatZone@00:00:00, GPS-(-31.08130, 150.94182/±6m), LocAge-23.9 min ago, OldThreshold-2 min, LastEvLogMsg-17:59:15, Battery-89%, Not Charging (iOSApp))
2023-05-09 18:00:00 [device......:1860]  Device Status > ipadpro_icloud3 > NearDevice-None, iOSAppZone-home, iC3Zone-home, Interval-2 hrs, TravTime-0 sec, Dist-0 km, NextUpdt-19:37:15, Dir-@tbSmar, Moved-0.01574, LastUpdate-17:37:15, IntoStatZone@00:00:00, GPS-(-31.08147, 150.94165/±35m), LocAge-23.9 min ago, OldThreshold-2 min, LastEvLogMsg-17:37:20, Battery-100%, Full (iOSApp))
2023-05-09 18:00:00 [icloud3_main:0589]  iphone13pro_icloud3 > Nearby Devices (<15m) > ⊗ipadpro_icloud3/iPad-0m/±0m, , Checked-17:37:15
2023-05-09 18:00:00 [icloud3_main:0589]  ipadpro_icloud3 > Nearby Devices (<15m) > ⊗iphone13pro_icloud3/iPhone-25m/±6m, , Checked-17:37:15
2023-05-09 18:15:00 [device......:1860]  Device Status > iphone13pro_icloud3 > NearDevice-None, iOSAppZone-home, iC3Zone-home, Interval-2 hrs, TravTime-0 sec, Dist-0 km, NextUpdt-19:37:15, Dir-@tbSmar, Moved-0, LastUpdate-17:37:15, IntoStatZone@00:00:00, GPS-(-31.08130, 150.94182/±6m), LocAge-38.9 min ago, OldThreshold-2 min, LastEvLogMsg-18:00:00, Battery-89%, Not Charging (iOSApp))
2023-05-09 18:15:00 [device......:1860]  Device Status > ipadpro_icloud3 > NearDevice-None, iOSAppZone-home, iC3Zone-home, Interval-2 hrs, TravTime-0 sec, Dist-0 km, NextUpdt-19:37:15, Dir-@tbSmar, Moved-0.01574, LastUpdate-17:37:15, IntoStatZone@00:00:00, GPS-(-31.08147, 150.94165/±35m), LocAge-38.9 min ago, OldThreshold-2 min, LastEvLogMsg-18:00:00, Battery-100%, Full (iOSApp))
2023-05-09 18:30:00 [device......:1860]  Device Status > iphone13pro_icloud3 > NearDevice-None, iOSAppZone-home, iC3Zone-home, Interval-2 hrs, TravTime-0 sec, Dist-0 km, NextUpdt-19:37:15, Dir-@tbSmar, Moved-0, LastUpdate-17:37:15, IntoStatZone@00:00:00, GPS-(-31.08130, 150.94182/±6m), LocAge-53.9 min ago, OldThreshold-2 min, LastEvLogMsg-18:00:00, Battery-87%, Not Charging (iOSApp))
2023-05-09 18:30:00 [device......:1860]  Device Status > ipadpro_icloud3 > NearDevice-None, iOSAppZone-home, iC3Zone-home, Interval-2 hrs, TravTime-0 sec, Dist-0 km, NextUpdt-19:37:15, Dir-@tbSmar, Moved-0.01574, LastUpdate-17:37:15, IntoStatZone@00:00:00, GPS-(-31.08147, 150.94165/±35m), LocAge-53.9 min ago, OldThreshold-2 min, LastEvLogMsg-18:00:00, Battery-100%, Full (iOSApp))
2023-05-09 18:30:00 [icloud3_main:0589]  iphone13pro_icloud3 > Nearby Devices (<15m) > ⊗ipadpro_icloud3/iPad-0m/±0m, , Checked-17:37:15
2023-05-09 18:30:00 [icloud3_main:0589]  ipadpro_icloud3 > Nearby Devices (<15m) > ⊗iphone13pro_icloud3/iPhone-25m/±6m, , Checked-17:37:15
2023-05-09 18:45:00 [device......:1860]  Device Status > iphone13pro_icloud3 > NearDevice-None, iOSAppZone-home, iC3Zone-home, Interval-2 hrs, TravTime-0 sec, Dist-0 km, NextUpdt-19:37:15, Dir-@tbSmar, Moved-0, LastUpdate-17:37:15, IntoStatZone@00:00:00, GPS-(-31.08130, 150.94182/±6m), LocAge-1.1 hrs ago, OldThreshold-2 min, LastEvLogMsg-18:30:00, Battery-87%, Not Charging (iOSApp))
2023-05-09 18:45:00 [device......:1860]  Device Status > ipadpro_icloud3 > NearDevice-None, iOSAppZone-home, iC3Zone-home, Interval-2 hrs, TravTime-0 sec, Dist-0 km, NextUpdt-19:37:15, Dir-@tbSmar, Moved-0.01574, LastUpdate-17:37:15, IntoStatZone@00:00:00, GPS-(-31.08147, 150.94165/±35m), LocAge-1.1 hrs ago, OldThreshold-2 min, LastEvLogMsg-18:30:00, Battery-100%, Full (iOSApp))
2023-05-09 19:00:00 [device......:1860]  Device Status > iphone13pro_icloud3 > NearDevice-None, iOSAppZone-home, iC3Zone-home, Interval-2 hrs, TravTime-0 sec, Dist-0 km, NextUpdt-19:37:15, Dir-@tbSmar, Moved-0, LastUpdate-17:37:15, IntoStatZone@00:00:00, GPS-(-31.08130, 150.94182/±6m), LocAge-1.4 hrs ago, OldThreshold-2 min, LastEvLogMsg-18:30:00, Battery-86%, Not Charging (iOSApp))
2023-05-09 19:00:00 [device......:1860]  Device Status > ipadpro_icloud3 > NearDevice-None, iOSAppZone-home, iC3Zone-home, Interval-2 hrs, TravTime-0 sec, Dist-0 km, NextUpdt-19:37:15, Dir-@tbSmar, Moved-0.01574, LastUpdate-17:37:15, IntoStatZone@00:00:00, GPS-(-31.08147, 150.94165/±35m), LocAge-1.4 hrs ago, OldThreshold-2 min, LastEvLogMsg-18:30:00, Battery-100%, Full (iOSApp))
2023-05-09 19:00:00 [icloud3_main:0589]  iphone13pro_icloud3 > Nearby Devices (<15m) > ⊗ipadpro_icloud3/iPad-0m/±0m, , Checked-17:37:15
2023-05-09 19:00:00 [icloud3_main:0589]  ipadpro_icloud3 > Nearby Devices (<15m) > ⊗iphone13pro_icloud3/iPhone-25m/±6m, , Checked-17:37:15
2023-05-09 19:15:00 [device......:1860]  Device Status > iphone13pro_icloud3 > NearDevice-None, iOSAppZone-home, iC3Zone-home, Interval-2 hrs, TravTime-0 sec, Dist-0 km, NextUpdt-19:37:15, Dir-@tbSmar, Moved-0, LastUpdate-17:37:15, IntoStatZone@00:00:00, GPS-(-31.08130, 150.94182/±6m), LocAge-1.6 hrs ago, OldThreshold-2 min, LastEvLogMsg-19:00:00, Battery-86%, Not Charging (iOSApp))
2023-05-09 19:15:00 [device......:1860]  Device Status > ipadpro_icloud3 > NearDevice-None, iOSAppZone-home, iC3Zone-home, Interval-2 hrs, TravTime-0 sec, Dist-0 km, NextUpdt-19:37:15, Dir-@tbSmar, Moved-0.01574, LastUpdate-17:37:15, IntoStatZone@00:00:00, GPS-(-31.08147, 150.94165/±35m), LocAge-1.6 hrs ago, OldThreshold-2 min, LastEvLogMsg-19:00:00, Battery-100%, Full (iOSApp))
2023-05-09 19:16:40 [icloud3_main:0513]  iphone13pro_icloud3 > Battery Info > Level-85%, Charging (iOSApp)
2023-05-09 19:16:40 [iosapp_data_:0452]  IOSAPP >  UPDATED iOSApp > iphone13pro_icloud3, signaled, 
													    • Loc-17:36:08, Home-14 m, (-31.08130, 150.94182/±6m)
2023-05-09 19:16:40 [iosapp_data_:0281]  IOSAPP > iphone13pro_icloud3 > iOSApp Monitor > Trigger-signaled@19:16:38 (3 sec ago), State-home@17:36:08 (1.7 hrs ago), LastTrigger-Enter Zone@17:36:08, iOSAppData-17:36:08, LastZoneEnter-home@17:36:08, WillUpdate-False-Before Last Update, Located-17:36:08 (iOSApp), GPS-(-31.08130, 150.94182/±6m), Enter Zone@17:36:08 (tbSmartHome/14 m)
2023-05-09 19:17:35 [iosapp_data_:0452]  IOSAPP >  UPDATED iOSApp > ipadpro_icloud3, Bkgnd Fetch, 
													    • Loc-17:36:08, Home-15 m, (-31.08147, 150.94165/±35m)
2023-05-09 19:17:35 [iosapp_data_:0281]  IOSAPP > ipadpro_icloud3 > iOSApp Monitor > Trigger-Bkgnd Fetch@19:17:32 (3 sec ago), State-home@17:36:08 (1.7 hrs ago), LastTrigger-Enter Zone@17:36:08, iOSAppData-17:36:08, LastZoneEnter-home@17:36:08, WillUpdate-False-Before Last Update, Located-17:36:08 (iOSApp), GPS-(-31.08147, 150.94165/±35m), Enter Zone@17:36:08 (tbSmartHome/15 m)
2023-05-09 19:17:55 [iosapp_data_:0281]  IOSAPP > ipadpro_icloud3 > iOSApp Monitor > Trigger-periodic@19:17:51 (23 sec ago), State-home@17:36:08 (1.7 hrs ago), LastTrigger-Enter Zone@17:36:08, iOSAppData-17:36:08, LastZoneEnter-home@17:36:08, WillUpdate-False-Before Last Update, Located-17:36:08 (iOSApp), GPS-(-31.08147, 150.94165/±35m), Enter Zone@17:36:08 (tbSmartHome/15 m)
2023-05-09 19:18:15 [icloud3_main:0513]  iphone13pro_icloud3 > Battery Info > Level-85%, Not Charging (iOSApp)
2023-05-09 19:20:15 [iosapp_data_:0281]  IOSAPP > iphone13pro_icloud3 > iOSApp Monitor > Trigger-periodic@19:20:10 (3.6 min ago), State-home@17:36:08 (1.7 hrs ago), LastTrigger-Enter Zone@17:36:08, iOSAppData-17:36:08, LastZoneEnter-home@17:36:08, WillUpdate-False-Before Last Update, Located-17:36:08 (iOSApp), GPS-(-31.08130, 150.94182/±6m), Enter Zone@17:36:08 (tbSmartHome/14 m)
2023-05-09 19:20:20 [icloud3_main:0513]  iphone13pro_icloud3 > Battery Info > Level-84%, Charging (iOSApp)
2023-05-09 19:20:20 [iosapp_data_:0452]  IOSAPP >  UPDATED iOSApp > iphone13pro_icloud3, signaled, 
													    • Loc-17:36:08, Home-14 m, (-31.08130, 150.94182/±6m)
2023-05-09 19:20:20 [iosapp_data_:0281]  IOSAPP > iphone13pro_icloud3 > iOSApp Monitor > Trigger-signaled@19:20:16 (4 sec ago), State-home@17:36:08 (1.7 hrs ago), LastTrigger-Enter Zone@17:36:08, iOSAppData-17:36:08, LastZoneEnter-home@17:36:08, WillUpdate-False-Before Last Update, Located-17:36:08 (iOSApp), GPS-(-31.08130, 150.94182/±6m), Enter Zone@17:36:08 (tbSmartHome/14 m)
2023-05-09 19:27:10 [iosapp_data_:0281]  IOSAPP > iphone13pro_icloud3 > iOSApp Monitor > Trigger-periodic@19:27:10 (6.9 min ago), State-home@17:36:08 (1.9 hrs ago), LastTrigger-Enter Zone@17:36:08, iOSAppData-17:36:08, LastZoneEnter-home@17:36:08, WillUpdate-False-Before Last Update, Located-17:36:08 (iOSApp), GPS-(-31.08130, 150.94182/±6m), Enter Zone@17:36:08 (tbSmartHome/14 m)
2023-05-09 19:30:00 [device......:1860]  Device Status > iphone13pro_icloud3 > NearDevice-None, iOSAppZone-home, iC3Zone-home, Interval-2 hrs, TravTime-0 sec, Dist-0 km, NextUpdt-19:37:15, Dir-@tbSmar, Moved-0, LastUpdate-17:37:15, IntoStatZone@00:00:00, GPS-(-31.08130, 150.94182/±6m), LocAge-1.9 hrs ago, OldThreshold-2 min, LastEvLogMsg-19:27:10, Battery-85%, Charging (iOSApp))
2023-05-09 19:30:00 [device......:1860]  Device Status > ipadpro_icloud3 > NearDevice-None, iOSAppZone-home, iC3Zone-home, Interval-2 hrs, TravTime-0 sec, Dist-0 km, NextUpdt-19:37:15, Dir-@tbSmar, Moved-0.01574, LastUpdate-17:37:15, IntoStatZone@00:00:00, GPS-(-31.08147, 150.94165/±35m), LocAge-1.9 hrs ago, OldThreshold-2 min, LastEvLogMsg-19:17:55, Battery-100%, Full (iOSApp))
2023-05-09 19:30:00 [icloud3_main:0589]  iphone13pro_icloud3 > Nearby Devices (<15m) > ⊗ipadpro_icloud3/iPad-0m/±0m, , Checked-17:37:15
2023-05-09 19:30:00 [icloud3_main:0589]  ipadpro_icloud3 > Nearby Devices (<15m) > ⊗iphone13pro_icloud3/iPhone-25m/±6m, , Checked-17:37:15
2023-05-09 19:30:25 [icloud3_main:0513]  iphone13pro_icloud3 > Battery Info > Level-87%, Not Charging (iOSApp)
2023-05-09 19:30:25 [iosapp_data_:0452]  IOSAPP >  UPDATED iOSApp > iphone13pro_icloud3, signaled, 
													    • Loc-17:36:08, Home-14 m, (-31.08130, 150.94182/±6m)
2023-05-09 19:30:25 [iosapp_data_:0281]  IOSAPP > iphone13pro_icloud3 > iOSApp Monitor > Trigger-signaled@19:30:23 (2 sec ago), State-home@17:36:08 (1.9 hrs ago), LastTrigger-Enter Zone@17:36:08, iOSAppData-17:36:08, LastZoneEnter-home@17:36:08, WillUpdate-False-Before Last Update, Located-17:36:08 (iOSApp), GPS-(-31.08130, 150.94182/±6m), Enter Zone@17:36:08 (tbSmartHome/14 m)
2023-05-09 19:30:30 [icloud3_main:0513]  iphone13pro_icloud3 > Battery Info > Level-87%, Charging (iOSApp)
2023-05-09 19:35:20 [iosapp_data_:0281]  IOSAPP > iphone13pro_icloud3 > iOSApp Monitor > Trigger-periodic@19:35:17 (5 min ago), State-home@17:36:08 (2 hrs ago), LastTrigger-Enter Zone@17:36:08, iOSAppData-17:36:08, LastZoneEnter-home@17:36:08, WillUpdate-False-Before Last Update, Located-17:36:08 (iOSApp), GPS-(-31.08130, 150.94182/±6m), Enter Zone@17:36:08 (tbSmartHome/14 m)
2023-05-09 19:36:45 [icloud3_main:0513]  iphone13pro_icloud3 > Battery Info > Level-89%, Not Charging (iOSApp)
2023-05-09 19:36:45 [iosapp_data_:0452]  IOSAPP >  UPDATED iOSApp > iphone13pro_icloud3, signaled, 
													    • Loc-17:36:08, Home-14 m, (-31.08130, 150.94182/±6m)
2023-05-09 19:36:45 [iosapp_data_:0281]  IOSAPP > iphone13pro_icloud3 > iOSApp Monitor > Trigger-signaled@19:36:45 (0 sec ago), State-home@17:36:08 (2 hrs ago), LastTrigger-Enter Zone@17:36:08, iOSAppData-17:36:08, LastZoneEnter-home@17:36:08, WillUpdate-False-Before Last Update, Located-17:36:08 (iOSApp), GPS-(-31.08130, 150.94182/±6m), Enter Zone@17:36:08 (tbSmartHome/14 m)
2023-05-09 19:37:05 [icloud3_main:0513]  iphone13pro_icloud3 > Battery Info > Level-89%, Charging (iOSApp)
2023-05-09 19:40:30 [iosapp_data_:0281]  IOSAPP > iphone13pro_icloud3 > iOSApp Monitor > Trigger-periodic@19:40:29 (3.8 min ago), State-home@17:36:08 (2.1 hrs ago), LastTrigger-Enter Zone@17:36:08, iOSAppData-17:36:08, LastZoneEnter-home@17:36:08, WillUpdate-False-Before Last Update, Located-17:36:08 (iOSApp), GPS-(-31.08130, 150.94182/±6m), Enter Zone@17:36:08 (tbSmartHome/14 m)
2023-05-09 19:45:00 [device......:1860]  Device Status > iphone13pro_icloud3 > NearDevice-None, iOSAppZone-home, iC3Zone-home, Interval-2 hrs, TravTime-0 sec, Dist-0 km, NextUpdt-19:37:15, Dir-@tbSmar, Moved-0, LastUpdate-17:37:15, IntoStatZone@00:00:00, GPS-(-31.08130, 150.94182/±6m), LocAge-2.1 hrs ago, OldThreshold-2 min, LastEvLogMsg-19:40:30, Battery-90%, Charging (iOSApp))
2023-05-09 19:45:00 [device......:1860]  Device Status > ipadpro_icloud3 > NearDevice-None, iOSAppZone-home, iC3Zone-home, Interval-2 hrs, TravTime-0 sec, Dist-0 km, NextUpdt-19:37:15, Dir-@tbSmar, Moved-0.01574, LastUpdate-17:37:15, IntoStatZone@00:00:00, GPS-(-31.08147, 150.94165/±35m), LocAge-2.1 hrs ago, OldThreshold-2 min, LastEvLogMsg-19:30:00, Battery-100%, Full (iOSApp))
2023-05-09 20:00:00 [device......:1860]  Device Status > iphone13pro_icloud3 > NearDevice-None, iOSAppZone-home, iC3Zone-home, Interval-2 hrs, TravTime-0 sec, Dist-0 km, NextUpdt-19:37:15, Dir-@tbSmar, Moved-0, LastUpdate-17:37:15, IntoStatZone@00:00:00, GPS-(-31.08130, 150.94182/±6m), LocAge-2.4 hrs ago, OldThreshold-2 min, LastEvLogMsg-19:40:30, Battery-97%, Charging (iOSApp))
2023-05-09 20:00:00 [device......:1860]  Device Status > ipadpro_icloud3 > NearDevice-None, iOSAppZone-home, iC3Zone-home, Interval-2 hrs, TravTime-0 sec, Dist-0 km, NextUpdt-19:37:15, Dir-@tbSmar, Moved-0.01574, LastUpdate-17:37:15, IntoStatZone@00:00:00, GPS-(-31.08147, 150.94165/±35m), LocAge-2.4 hrs ago, OldThreshold-2 min, LastEvLogMsg-19:30:00, Battery-100%, Full (iOSApp))
2023-05-09 20:00:00 [icloud3_main:0589]  iphone13pro_icloud3 > Nearby Devices (<15m) > ⊗ipadpro_icloud3/iPad-0m/±0m, , Checked-17:37:15
2023-05-09 20:00:00 [icloud3_main:0589]  ipadpro_icloud3 > Nearby Devices (<15m) > ⊗iphone13pro_icloud3/iPhone-25m/±6m, , Checked-17:37:15
2023-05-09 20:13:15 [icloud3_main:0513]  iphone13pro_icloud3 > Battery Info > Level-100%, Full (iOSApp)
2023-05-09 20:13:15 [iosapp_data_:0452]  IOSAPP >  UPDATED iOSApp > iphone13pro_icloud3, signaled, 
													    • Loc-17:36:08, Home-14 m, (-31.08130, 150.94182/±6m)
2023-05-09 20:13:15 [iosapp_data_:0281]  IOSAPP > iphone13pro_icloud3 > iOSApp Monitor > Trigger-signaled@20:13:11 (4 sec ago), State-home@17:36:08 (2.6 hrs ago), LastTrigger-Enter Zone@17:36:08, iOSAppData-17:36:08, LastZoneEnter-home@17:36:08, WillUpdate-False-Before Last Update, Located-17:36:08 (iOSApp), GPS-(-31.08130, 150.94182/±6m), Enter Zone@17:36:08 (tbSmartHome/14 m)
2023-05-09 20:14:55 [iosapp_data_:0281]  IOSAPP > iphone13pro_icloud3 > iOSApp Monitor > Trigger-periodic@20:14:54 (1.7 min ago), State-home@17:36:08 (2.6 hrs ago), LastTrigger-Enter Zone@17:36:08, iOSAppData-17:36:08, LastZoneEnter-home@17:36:08, WillUpdate-False-Before Last Update, Located-17:36:08 (iOSApp), GPS-(-31.08130, 150.94182/±6m), Enter Zone@17:36:08 (tbSmartHome/14 m)
2023-05-09 20:15:00 [device......:1860]  Device Status > iphone13pro_icloud3 > NearDevice-None, iOSAppZone-home, iC3Zone-home, Interval-2 hrs, TravTime-0 sec, Dist-0 km, NextUpdt-19:37:15, Dir-@tbSmar, Moved-0, LastUpdate-17:37:15, IntoStatZone@00:00:00, GPS-(-31.08130, 150.94182/±6m), LocAge-2.6 hrs ago, OldThreshold-2 min, LastEvLogMsg-20:14:55, Battery-100%, Full (iOSApp))
2023-05-09 20:15:00 [device......:1860]  Device Status > ipadpro_icloud3 > NearDevice-None, iOSAppZone-home, iC3Zone-home, Interval-2 hrs, TravTime-0 sec, Dist-0 km, NextUpdt-19:37:15, Dir-@tbSmar, Moved-0.01574, LastUpdate-17:37:15, IntoStatZone@00:00:00, GPS-(-31.08147, 150.94165/±35m), LocAge-2.6 hrs ago, OldThreshold-2 min, LastEvLogMsg-20:00:00, Battery-100%, Full (iOSApp))
2023-05-09 20:30:00 [device......:1860]  Device Status > iphone13pro_icloud3 > NearDevice-None, iOSAppZone-home, iC3Zone-home, Interval-2 hrs, TravTime-0 sec, Dist-0 km, NextUpdt-19:37:15, Dir-@tbSmar, Moved-0, LastUpdate-17:37:15, IntoStatZone@00:00:00, GPS-(-31.08130, 150.94182/±6m), LocAge-2.9 hrs ago, OldThreshold-2 min, LastEvLogMsg-20:14:55, Battery-100%, Full (iOSApp))
2023-05-09 20:30:00 [device......:1860]  Device Status > ipadpro_icloud3 > NearDevice-None, iOSAppZone-home, iC3Zone-home, Interval-2 hrs, TravTime-0 sec, Dist-0 km, NextUpdt-19:37:15, Dir-@tbSmar, Moved-0.01574, LastUpdate-17:37:15, IntoStatZone@00:00:00, GPS-(-31.08147, 150.94165/±35m), LocAge-2.9 hrs ago, OldThreshold-2 min, LastEvLogMsg-20:00:00, Battery-100%, Full (iOSApp))
2023-05-09 20:30:00 [icloud3_main:0589]  iphone13pro_icloud3 > Nearby Devices (<15m) > ⊗ipadpro_icloud3/iPad-0m/±0m, , Checked-17:37:15
2023-05-09 20:30:00 [icloud3_main:0589]  ipadpro_icloud3 > Nearby Devices (<15m) > ⊗iphone13pro_icloud3/iPhone-25m/±6m, , Checked-17:37:15
2023-05-09 20:35:00 [iosapp_data_:0281]  IOSAPP > ipadpro_icloud3 > iOSApp Monitor > Trigger-periodic@20:34:57 (1.3 hrs ago), State-home@17:36:08 (3 hrs ago), LastTrigger-Enter Zone@17:36:08, iOSAppData-17:36:08, LastZoneEnter-home@17:36:08, WillUpdate-False-Before Last Update, Located-17:36:08 (iOSApp), GPS-(-31.08147, 150.94165/±35m), Enter Zone@17:36:08 (tbSmartHome/15 m)
2023-05-09 20:43:05 [iosapp_data_:0452]  IOSAPP >  UPDATED iOSApp > ipadpro_icloud3, Bkgnd Fetch, 
													    • Loc-17:36:08, Home-15 m, (-31.08147, 150.94165/±35m)
2023-05-09 20:43:05 [iosapp_data_:0281]  IOSAPP > ipadpro_icloud3 > iOSApp Monitor > Trigger-Bkgnd Fetch@20:43:04 (1 sec ago), State-home@17:36:08 (3.1 hrs ago), LastTrigger-Enter Zone@17:36:08, iOSAppData-17:36:08, LastZoneEnter-home@17:36:08, WillUpdate-False-Before Last Update, Located-17:36:08 (iOSApp), GPS-(-31.08147, 150.94165/±35m), Enter Zone@17:36:08 (tbSmartHome/15 m)
2023-05-09 20:43:20 [iosapp_data_:0281]  IOSAPP > ipadpro_icloud3 > iOSApp Monitor > Trigger-periodic@20:43:18 (17 sec ago), State-home@17:36:08 (3.1 hrs ago), LastTrigger-Enter Zone@17:36:08, iOSAppData-17:36:08, LastZoneEnter-home@17:36:08, WillUpdate-False-Before Last Update, Located-17:36:08 (iOSApp), GPS-(-31.08147, 150.94165/±35m), Enter Zone@17:36:08 (tbSmartHome/15 m)
2023-05-09 20:45:00 [device......:1860]  Device Status > iphone13pro_icloud3 > NearDevice-None, iOSAppZone-home, iC3Zone-home, Interval-2 hrs, TravTime-0 sec, Dist-0 km, NextUpdt-19:37:15, Dir-@tbSmar, Moved-0, LastUpdate-17:37:15, IntoStatZone@00:00:00, GPS-(-31.08130, 150.94182/±6m), LocAge-3.1 hrs ago, OldThreshold-2 min, LastEvLogMsg-20:30:00, Battery-100%, Full (iOSApp))
2023-05-09 20:45:00 [device......:1860]  Device Status > ipadpro_icloud3 > NearDevice-None, iOSAppZone-home, iC3Zone-home, Interval-2 hrs, TravTime-0 sec, Dist-0 km, NextUpdt-19:37:15, Dir-@tbSmar, Moved-0.01574, LastUpdate-17:37:15, IntoStatZone@00:00:00, GPS-(-31.08147, 150.94165/±35m), LocAge-3.1 hrs ago, OldThreshold-2 min, LastEvLogMsg-20:43:20, Battery-100%, Full (iOSApp))
2023-05-09 20:50:45 [iosapp_data_:0452]  IOSAPP >  UPDATED iOSApp > ipadpro_icloud3, Bkgnd Fetch, 
													    • Loc-17:36:08, Home-15 m, (-31.08147, 150.94165/±35m)
2023-05-09 20:50:45 [iosapp_data_:0281]  IOSAPP > ipadpro_icloud3 > iOSApp Monitor > Trigger-Bkgnd Fetch@20:50:41 (4 sec ago), State-home@17:36:08 (3.2 hrs ago), LastTrigger-Enter Zone@17:36:08, iOSAppData-17:36:08, LastZoneEnter-home@17:36:08, WillUpdate-False-Before Last Update, Located-17:36:08 (iOSApp), GPS-(-31.08147, 150.94165/±35m), Enter Zone@17:36:08 (tbSmartHome/15 m)
2023-05-09 20:52:05 [iosapp_data_:0281]  IOSAPP > ipadpro_icloud3 > iOSApp Monitor > Trigger-periodic@20:52:03 (1.4 min ago), State-home@17:36:08 (3.3 hrs ago), LastTrigger-Enter Zone@17:36:08, iOSAppData-17:36:08, LastZoneEnter-home@17:36:08, WillUpdate-False-Before Last Update, Located-17:36:08 (iOSApp), GPS-(-31.08147, 150.94165/±35m), Enter Zone@17:36:08 (tbSmartHome/15 m)
2023-05-09 20:58:40 [icloud3_main:0513]  iphone13pro_icloud3 > Battery Info > Level-100%, Not Charging (iOSApp)
2023-05-09 20:58:40 [iosapp_data_:0452]  IOSAPP >  UPDATED iOSApp > iphone13pro_icloud3, signaled, 
													    • Loc-17:36:08, Home-14 m, (-31.08130, 150.94182/±6m)
2023-05-09 20:58:40 [iosapp_data_:0281]  IOSAPP > iphone13pro_icloud3 > iOSApp Monitor > Trigger-signaled@20:58:39 (1 sec ago), State-home@17:36:08 (3.4 hrs ago), LastTrigger-Enter Zone@17:36:08, iOSAppData-17:36:08, LastZoneEnter-home@17:36:08, WillUpdate-False-Before Last Update, Located-17:36:08 (iOSApp), GPS-(-31.08130, 150.94182/±6m), Enter Zone@17:36:08 (tbSmartHome/14 m)
2023-05-09 20:58:45 [icloud3_main:0513]  iphone13pro_icloud3 > Battery Info > Level-100%, Full (iOSApp)
2023-05-09 20:59:15 [icloud3_main:0513]  iphone13pro_icloud3 > Battery Info > Level-100%, Not Charging (iOSApp)
2023-05-09 20:59:20 [icloud3_main:0513]  iphone13pro_icloud3 > Battery Info > Level-100%, Full (iOSApp)
2023-05-09 20:59:40 [icloud3_main:0513]  iphone13pro_icloud3 > Battery Info > Level-100%, Not Charging (iOSApp)
2023-05-09 20:59:45 [icloud3_main:0513]  iphone13pro_icloud3 > Battery Info > Level-100%, Full (iOSApp)
2023-05-09 21:00:00 [device......:1860]  Device Status > iphone13pro_icloud3 > NearDevice-None, iOSAppZone-home, iC3Zone-home, Interval-2 hrs, TravTime-0 sec, Dist-0 km, NextUpdt-19:37:15, Dir-@tbSmar, Moved-0, LastUpdate-17:37:15, IntoStatZone@00:00:00, GPS-(-31.08130, 150.94182/±6m), LocAge-3.4 hrs ago, OldThreshold-2 min, LastEvLogMsg-20:58:45, Battery-100%, Full (iOSApp))
2023-05-09 21:00:00 [device......:1860]  Device Status > ipadpro_icloud3 > NearDevice-None, iOSAppZone-home, iC3Zone-home, Interval-2 hrs, TravTime-0 sec, Dist-0 km, NextUpdt-19:37:15, Dir-@tbSmar, Moved-0.01574, LastUpdate-17:37:15, IntoStatZone@00:00:00, GPS-(-31.08147, 150.94165/±35m), LocAge-3.4 hrs ago, OldThreshold-2 min, LastEvLogMsg-20:52:05, Battery-100%, Full (iOSApp))
2023-05-09 21:00:00 [icloud3_main:0589]  iphone13pro_icloud3 > Nearby Devices (<15m) > ⊗ipadpro_icloud3/iPad-0m/±0m, , Checked-17:37:15
2023-05-09 21:00:00 [icloud3_main:0589]  ipadpro_icloud3 > Nearby Devices (<15m) > ⊗iphone13pro_icloud3/iPhone-25m/±6m, , Checked-17:37:15
2023-05-09 21:00:00 [iosapp_data_:0281]  IOSAPP > iphone13pro_icloud3 > iOSApp Monitor > Trigger-periodic@20:59:57 (1.4 min ago), State-home@17:36:08 (3.4 hrs ago), LastTrigger-Enter Zone@17:36:08, iOSAppData-17:36:08, LastZoneEnter-home@17:36:08, WillUpdate-False-Before Last Update, Located-17:36:08 (iOSApp), GPS-(-31.08130, 150.94182/±6m), Enter Zone@17:36:08 (tbSmartHome/14 m)
2023-05-09 21:00:05 [iosapp_data_:0452]  IOSAPP >  UPDATED iOSApp > iphone13pro_icloud3, signaled, 
													    • Loc-17:36:08, Home-14 m, (-31.08130, 150.94182/±6m)
2023-05-09 21:00:05 [iosapp_data_:0281]  IOSAPP > iphone13pro_icloud3 > iOSApp Monitor > Trigger-signaled@21:00:03 (2 sec ago), State-home@17:36:08 (3.4 hrs ago), LastTrigger-Enter Zone@17:36:08, iOSAppData-17:36:08, LastZoneEnter-home@17:36:08, WillUpdate-False-Before Last Update, Located-17:36:08 (iOSApp), GPS-(-31.08130, 150.94182/±6m), Enter Zone@17:36:08 (tbSmartHome/14 m)
2023-05-09 21:00:15 [icloud3_main:0513]  iphone13pro_icloud3 > Battery Info > Level-100%, Not Charging (iOSApp)
2023-05-09 21:00:20 [icloud3_main:0513]  iphone13pro_icloud3 > Battery Info > Level-100%, Full (iOSApp)
2023-05-09 21:00:50 [icloud3_main:0513]  iphone13pro_icloud3 > Battery Info > Level-100%, Not Charging (iOSApp)
2023-05-09 21:00:55 [icloud3_main:0513]  iphone13pro_icloud3 > Battery Info > Level-100%, Full (iOSApp)
2023-05-09 21:01:15 [icloud3_main:0513]  iphone13pro_icloud3 > Battery Info > Level-100%, Not Charging (iOSApp)
2023-05-09 21:01:20 [icloud3_main:0513]  iphone13pro_icloud3 > Battery Info > Level-100%, Full (iOSApp)
2023-05-09 21:01:50 [icloud3_main:0513]  iphone13pro_icloud3 > Battery Info > Level-100%, Not Charging (iOSApp)
2023-05-09 21:01:55 [icloud3_main:0513]  iphone13pro_icloud3 > Battery Info > Level-100%, Full (iOSApp)
2023-05-09 21:02:25 [icloud3_main:0513]  iphone13pro_icloud3 > Battery Info > Level-100%, Not Charging (iOSApp)
2023-05-09 21:02:30 [icloud3_main:0513]  iphone13pro_icloud3 > Battery Info > Level-100%, Full (iOSApp)
2023-05-09 21:02:50 [icloud3_main:0513]  iphone13pro_icloud3 > Battery Info > Level-100%, Not Charging (iOSApp)
2023-05-09 21:02:55 [icloud3_main:0513]  iphone13pro_icloud3 > Battery Info > Level-100%, Full (iOSApp)
2023-05-09 21:03:25 [icloud3_main:0513]  iphone13pro_icloud3 > Battery Info > Level-100%, Not Charging (iOSApp)
2023-05-09 21:03:30 [icloud3_main:0513]  iphone13pro_icloud3 > Battery Info > Level-100%, Full (iOSApp)
2023-05-09 21:04:00 [icloud3_main:0513]  iphone13pro_icloud3 > Battery Info > Level-100%, Not Charging (iOSApp)
2023-05-09 21:04:05 [icloud3_main:0513]  iphone13pro_icloud3 > Battery Info > Level-100%, Full (iOSApp)
2023-05-09 21:04:25 [icloud3_main:0513]  iphone13pro_icloud3 > Battery Info > Level-100%, Not Charging (iOSApp)
2023-05-09 21:04:30 [icloud3_main:0513]  iphone13pro_icloud3 > Battery Info > Level-100%, Full (iOSApp)
2023-05-09 21:05:00 [icloud3_main:0513]  iphone13pro_icloud3 > Battery Info > Level-100%, Not Charging (iOSApp)
2023-05-09 21:05:00 [iosapp_data_:0281]  IOSAPP > iphone13pro_icloud3 > iOSApp Monitor > Trigger-signaled@21:04:58 (5 min ago), State-home@17:36:08 (3.5 hrs ago), LastTrigger-Enter Zone@17:36:08, iOSAppData-17:36:08, LastZoneEnter-home@17:36:08, WillUpdate-False-Before Last Update, Located-17:36:08 (iOSApp), GPS-(-31.08130, 150.94182/±6m), Enter Zone@17:36:08 (tbSmartHome/14 m)
2023-05-09 21:05:05 [icloud3_main:0513]  iphone13pro_icloud3 > Battery Info > Level-100%, Full (iOSApp)
2023-05-09 21:05:35 [icloud3_main:0513]  iphone13pro_icloud3 > Battery Info > Level-100%, Not Charging (iOSApp)
2023-05-09 21:05:40 [icloud3_main:0513]  iphone13pro_icloud3 > Battery Info > Level-100%, Full (iOSApp)
2023-05-09 21:06:10 [icloud3_main:0513]  iphone13pro_icloud3 > Battery Info > Level-100%, Not Charging (iOSApp)
2023-05-09 21:06:15 [icloud3_main:0513]  iphone13pro_icloud3 > Battery Info > Level-100%, Full (iOSApp)
2023-05-09 21:06:35 [icloud3_main:0513]  iphone13pro_icloud3 > Battery Info > Level-100%, Not Charging (iOSApp)
2023-05-09 21:06:40 [icloud3_main:0513]  iphone13pro_icloud3 > Battery Info > Level-100%, Full (iOSApp)
2023-05-09 21:07:45 [icloud3_main:0513]  iphone13pro_icloud3 > Battery Info > Level-100%, Not Charging (iOSApp)
2023-05-09 21:07:50 [icloud3_main:0513]  iphone13pro_icloud3 > Battery Info > Level-100%, Full (iOSApp)
2023-05-09 21:08:20 [icloud3_main:0513]  iphone13pro_icloud3 > Battery Info > Level-100%, Not Charging (iOSApp)
2023-05-09 21:08:25 [icloud3_main:0513]  iphone13pro_icloud3 > Battery Info > Level-100%, Full (iOSApp)
2023-05-09 21:09:10 [icloud3_main:0513]  iphone13pro_icloud3 > Battery Info > Level-100%, Not Charging (iOSApp)
2023-05-09 21:09:15 [icloud3_main:0513]  iphone13pro_icloud3 > Battery Info > Level-100%, Full (iOSApp)
2023-05-09 21:09:45 [icloud3_main:0513]  iphone13pro_icloud3 > Battery Info > Level-100%, Not Charging (iOSApp)
2023-05-09 21:09:50 [icloud3_main:0513]  iphone13pro_icloud3 > Battery Info > Level-100%, Full (iOSApp)
2023-05-09 21:10:00 [iosapp_data_:0281]  IOSAPP > iphone13pro_icloud3 > iOSApp Monitor > Trigger-periodic@21:09:57 (9.9 min ago), State-home@17:36:08 (3.6 hrs ago), LastTrigger-Enter Zone@17:36:08, iOSAppData-17:36:08, LastZoneEnter-home@17:36:08, WillUpdate-False-Before Last Update, Located-17:36:08 (iOSApp), GPS-(-31.08130, 150.94182/±6m), Enter Zone@17:36:08 (tbSmartHome/14 m)
2023-05-09 21:10:10 [icloud3_main:0513]  iphone13pro_icloud3 > Battery Info > Level-100%, Not Charging (iOSApp)
2023-05-09 21:10:10 [iosapp_data_:0452]  IOSAPP >  UPDATED iOSApp > iphone13pro_icloud3, signaled, 
													    • Loc-17:36:08, Home-14 m, (-31.08130, 150.94182/±6m)
2023-05-09 21:10:11 [iosapp_data_:0281]  IOSAPP > iphone13pro_icloud3 > iOSApp Monitor > Trigger-signaled@21:10:08 (3 sec ago), State-home@17:36:08 (3.6 hrs ago), LastTrigger-Enter Zone@17:36:08, iOSAppData-17:36:08, LastZoneEnter-home@17:36:08, WillUpdate-False-Before Last Update, Located-17:36:08 (iOSApp), GPS-(-31.08130, 150.94182/±6m), Enter Zone@17:36:08 (tbSmartHome/14 m)
2023-05-09 21:10:15 [icloud3_main:0513]  iphone13pro_icloud3 > Battery Info > Level-100%, Full (iOSApp)
2023-05-09 21:10:45 [iosapp_data_:0452]  IOSAPP >  UPDATED iOSApp > ipadpro_icloud3, siri, 
													    • Loc-17:36:08, Home-15 m, (-31.08147, 150.94165/±35m)
2023-05-09 21:10:45 [iosapp_data_:0281]  IOSAPP > ipadpro_icloud3 > iOSApp Monitor > Trigger-siri@21:10:42 (3 sec ago), State-home@17:36:08 (3.6 hrs ago), LastTrigger-Enter Zone@17:36:08, iOSAppData-17:36:08, LastZoneEnter-home@17:36:08, WillUpdate-False-Before Last Update, Located-17:36:08 (iOSApp), GPS-(-31.08147, 150.94165/±35m), Enter Zone@17:36:08 (tbSmartHome/15 m)
2023-05-09 21:10:55 [icloud3_main:0513]  iphone13pro_icloud3 > Battery Info > Level-100%, Not Charging (iOSApp)
2023-05-09 21:11:00 [icloud3_main:0513]  iphone13pro_icloud3 > Battery Info > Level-100%, Full (iOSApp)
2023-05-09 21:11:30 [icloud3_main:0513]  iphone13pro_icloud3 > Battery Info > Level-100%, Not Charging (iOSApp)
2023-05-09 21:11:35 [icloud3_main:0513]  iphone13pro_icloud3 > Battery Info > Level-100%, Full (iOSApp)
2023-05-09 21:11:40 [icloud3_main:0513]  iphone13pro_icloud3 > Battery Info > Level-100%, Not Charging (iOSApp)
2023-05-09 21:11:45 [icloud3_main:0513]  iphone13pro_icloud3 > Battery Info > Level-100%, Full (iOSApp)
2023-05-09 21:12:10 [iosapp_data_:0281]  IOSAPP > ipadpro_icloud3 > iOSApp Monitor > Trigger-periodic@21:12:06 (1.5 min ago), State-home@17:36:08 (3.6 hrs ago), LastTrigger-Enter Zone@17:36:08, iOSAppData-17:36:08, LastZoneEnter-home@17:36:08, WillUpdate-False-Before Last Update, Located-17:36:08 (iOSApp), GPS-(-31.08147, 150.94165/±35m), Enter Zone@17:36:08 (tbSmartHome/15 m)
2023-05-09 21:12:25 [icloud3_main:0513]  iphone13pro_icloud3 > Battery Info > Level-100%, Not Charging (iOSApp)
2023-05-09 21:12:30 [icloud3_main:0513]  iphone13pro_icloud3 > Battery Info > Level-100%, Full (iOSApp)
2023-05-09 21:12:35 [icloud3_main:0513]  iphone13pro_icloud3 > Battery Info > Level-100%, Not Charging (iOSApp)
2023-05-09 21:12:40 [icloud3_main:0513]  iphone13pro_icloud3 > Battery Info > Level-100%, Full (iOSApp)
2023-05-09 21:13:20 [icloud3_main:0513]  iphone13pro_icloud3 > Battery Info > Level-100%, Not Charging (iOSApp)
2023-05-09 21:13:25 [icloud3_main:0513]  iphone13pro_icloud3 > Battery Info > Level-100%, Full (iOSApp)
2023-05-09 21:13:45 [icloud3_main:0513]  iphone13pro_icloud3 > Battery Info > Level-100%, Not Charging (iOSApp)
2023-05-09 21:13:50 [icloud3_main:0513]  iphone13pro_icloud3 > Battery Info > Level-100%, Full (iOSApp)
2023-05-09 21:14:20 [icloud3_main:0513]  iphone13pro_icloud3 > Battery Info > Level-100%, Not Charging (iOSApp)
2023-05-09 21:14:25 [icloud3_main:0513]  iphone13pro_icloud3 > Battery Info > Level-100%, Full (iOSApp)
2023-05-09 21:14:30 [icloud3_main:0513]  iphone13pro_icloud3 > Battery Info > Level-100%, Not Charging (iOSApp)
2023-05-09 21:14:35 [icloud3_main:0513]  iphone13pro_icloud3 > Battery Info > Level-100%, Full (iOSApp)
2023-05-09 21:14:50 [iosapp_data_:0452]  IOSAPP >  UPDATED iOSApp > iphone13pro_icloud3, siri, 
													    • Loc-17:36:08, Home-14 m, (-31.08130, 150.94182/±6m)
2023-05-09 21:14:50 [iosapp_data_:0281]  IOSAPP > iphone13pro_icloud3 > iOSApp Monitor > Trigger-siri@21:14:46 (4 sec ago), State-home@17:36:08 (3.6 hrs ago), LastTrigger-Enter Zone@17:36:08, iOSAppData-17:36:08, LastZoneEnter-home@17:36:08, WillUpdate-False-Before Last Update, Located-17:36:08 (iOSApp), GPS-(-31.08130, 150.94182/±6m), Enter Zone@17:36:08 (tbSmartHome/14 m)
2023-05-09 21:14:55 [iosapp_data_:0452]  IOSAPP >  UPDATED iOSApp > iphone13pro_icloud3, signaled, 
													    • Loc-17:36:08, Home-14 m, (-31.08130, 150.94182/±6m)
2023-05-09 21:14:55 [iosapp_data_:0281]  IOSAPP > iphone13pro_icloud3 > iOSApp Monitor > Trigger-signaled@21:14:52 (3 sec ago), State-home@17:36:08 (3.6 hrs ago), LastTrigger-Enter Zone@17:36:08, iOSAppData-17:36:08, LastZoneEnter-home@17:36:08, WillUpdate-False-Before Last Update, Located-17:36:08 (iOSApp), GPS-(-31.08130, 150.94182/±6m), Enter Zone@17:36:08 (tbSmartHome/14 m)
2023-05-09 21:15:00 [device......:1860]  Device Status > iphone13pro_icloud3 > NearDevice-None, iOSAppZone-home, iC3Zone-home, Interval-2 hrs, TravTime-0 sec, Dist-0 km, NextUpdt-19:37:15, Dir-@tbSmar, Moved-0, LastUpdate-17:37:15, IntoStatZone@00:00:00, GPS-(-31.08130, 150.94182/±6m), LocAge-3.6 hrs ago, OldThreshold-2 min, LastEvLogMsg-21:14:55, Battery-100%, Full (iOSApp))
2023-05-09 21:15:00 [device......:1860]  Device Status > ipadpro_icloud3 > NearDevice-None, iOSAppZone-home, iC3Zone-home, Interval-2 hrs, TravTime-0 sec, Dist-0 km, NextUpdt-19:37:15, Dir-@tbSmar, Moved-0.01574, LastUpdate-17:37:15, IntoStatZone@00:00:00, GPS-(-31.08147, 150.94165/±35m), LocAge-3.6 hrs ago, OldThreshold-2 min, LastEvLogMsg-21:12:10, Battery-100%, Full (iOSApp))
2023-05-09 21:15:00 [iosapp_data_:0281]  IOSAPP > iphone13pro_icloud3 > iOSApp Monitor > Trigger-periodic@21:14:58 (8 sec ago), State-home@17:36:08 (3.6 hrs ago), LastTrigger-Enter Zone@17:36:08, iOSAppData-17:36:08, LastZoneEnter-home@17:36:08, WillUpdate-False-Before Last Update, Located-17:36:08 (iOSApp), GPS-(-31.08130, 150.94182/±6m), Enter Zone@17:36:08 (tbSmartHome/14 m)
2023-05-09 21:15:05 [icloud3_main:0513]  iphone13pro_icloud3 > Battery Info > Level-100%, Not Charging (iOSApp)
2023-05-09 21:15:05 [iosapp_data_:0452]  IOSAPP >  UPDATED iOSApp > iphone13pro_icloud3, signaled, 
													    • Loc-17:36:08, Home-14 m, (-31.08130, 150.94182/±6m)
2023-05-09 21:15:05 [iosapp_data_:0281]  IOSAPP > iphone13pro_icloud3 > iOSApp Monitor > Trigger-signaled@21:15:05 (0 sec ago), State-home@17:36:08 (3.6 hrs ago), LastTrigger-Enter Zone@17:36:08, iOSAppData-17:36:08, LastZoneEnter-home@17:36:08, WillUpdate-False-Before Last Update, Located-17:36:08 (iOSApp), GPS-(-31.08130, 150.94182/±6m), Enter Zone@17:36:08 (tbSmartHome/14 m)
2023-05-09 21:15:10 [icloud3_main:0513]  iphone13pro_icloud3 > Battery Info > Level-100%, Full (iOSApp)
2023-05-09 21:15:30 [icloud3_main:0513]  iphone13pro_icloud3 > Battery Info > Level-100%, Not Charging (iOSApp)
2023-05-09 21:15:35 [icloud3_main:0513]  iphone13pro_icloud3 > Battery Info > Level-100%, Full (iOSApp)
2023-05-09 21:16:05 [icloud3_main:0513]  iphone13pro_icloud3 > Battery Info > Level-100%, Not Charging (iOSApp)
2023-05-09 21:16:10 [icloud3_main:0513]  iphone13pro_icloud3 > Battery Info > Level-100%, Full (iOSApp)
2023-05-09 21:16:50 [icloud3_main:0513]  iphone13pro_icloud3 > Battery Info > Level-100%, Not Charging (iOSApp)
2023-05-09 21:16:55 [icloud3_main:0513]  iphone13pro_icloud3 > Battery Info > Level-100%, Full (iOSApp)
2023-05-09 21:17:15 [icloud3_main:0513]  iphone13pro_icloud3 > Battery Info > Level-100%, Not Charging (iOSApp)
2023-05-09 21:17:20 [icloud3_main:0513]  iphone13pro_icloud3 > Battery Info > Level-100%, Full (iOSApp)
2023-05-09 21:17:40 [icloud3_main:0513]  iphone13pro_icloud3 > Battery Info > Level-100%, Not Charging (iOSApp)
2023-05-09 21:17:45 [icloud3_main:0513]  iphone13pro_icloud3 > Battery Info > Level-100%, Full (iOSApp)
2023-05-09 21:18:15 [iosapp_data_:0452]  IOSAPP >  UPDATED iOSApp > iphone13pro_icloud3, Sig Loc Change, 
													    • Loc-21:18:14, Home-6 m, (-31.08136, 150.94173/±35m)
2023-05-09 21:18:15 [iosapp_data_:0281]  IOSAPP > iphone13pro_icloud3 > iOSApp Monitor > Trigger-Sig Loc Change@21:18:14 (1 sec ago), State-home@21:18:14 (1 sec ago), LastTrigger-Enter Zone@17:36:08, iOSAppData-21:18:14, LastZoneEnter-home@17:36:08, WillUpdate-True-Sig Loc Change@21:18:14, Located-17:36:08 (iOSApp), GPS-(-31.08136, 150.94173/±35m), Enter Zone@17:36:08 (tbSmartHome/14 m)
2023-05-09 21:18:15 [icloud3_main:0373]  IOSAPP > iphone13pro_icloud3 > Trigger > Sig Loc Change@21:18:14
2023-05-09 21:18:15 [icloud3_main:0648]  IOSAPP > iphone13pro_icloud3 > ────▼─▽─▼──── ▷▷ IOSAPP ◁◁ IPHONE13PRO_ICLOUD3, CURRZONE-HOME, SIG LOC CHANGE@21:18:14 ────▼─▽─▼────
2023-05-09 21:18:15 [icloud3_main:0861]  IOSAPP > iphone13pro_icloud3 > iOSApp update started > Sig Loc Change@21:18:14
2023-05-09 21:18:15 [icloud3_main:1059]  IOSAPP > iphone13pro_icloud3 > Zone > tbSmartHome-6 m/r100m, GPS-(-31.08136, 150.94173/±35m)
2023-05-09 21:18:15 [icloud3_main:1065]  IOSAPP > iphone13pro_icloud3 > Zone > tbSmartHome >  tbSmartHome-6 m,  TRC-1.33 km,  BGC-1.64 km
2023-05-09 21:18:15 [determine_in:1168]  IOSAPP > iphone13pro_icloud3 > Nearby Devices (<15m) > ⊗ipadpro_icloud3/iPad-14m/±35m±
2023-05-09 21:18:15 [icloud3_main:0933]  IOSAPP > iphone13pro_icloud3 > ────▼─▽─▼──── ▷▷ IOSAPP ◁◁ IPHONE13PRO_ICLOUD3, CURRZONE-HOME, HOME ────▼─▽─▼────
2023-05-09 21:18:15 [determine_in:0161]  IOSAPP > iphone13pro_icloud3 > DistFmZome-0, Moved-0, Waze-0, Calc-0.006061, TravTime-0.010658, Dir-InZone
2023-05-09 21:18:15 [determine_in:0549]  IOSAPP > iphone13pro_icloud3 > Results: From-tbSmartHome > NextUpdate-23:18:15, Interval-2 hrs, Battery-100%, Method-3.InHomeZone
2023-05-09 21:18:15 [determine_in:0570]  [iphone13pro_icloud3] Tracking Results: From-tbSmartHome > iOSAppZone-home, iC3Zone-home, Interval-2 hrs, TravTime-, Dist-0 m, NextUpdt-23:18:15, MaxDist-0 m, Dir-InZone, Moved-0 m, Battery-100%, LastDataUpdate-21:18:15, GPSAccuracy-35m, LocAge-1 sec ago, OldThreshold-2 min, LastEvLogMsg-21:18:15, Method-3.InHomeZone
2023-05-09 21:18:15 [icloud3_main:0939]  IOSAPP > iphone13pro_icloud3 > ────▲─△─▲──── ▷▷ IOSAPP ◁◁ IPHONE13PRO_ICLOUD3, CURRZONE-HOME, HOME ────▲─△─▲────
2023-05-09 21:18:15 [icloud3_main:0870]  IOSAPP > iphone13pro_icloud3 > iOSApp update completed > Date source - iOSApp
2023-05-09 21:18:15 [icloud3_main:1364]  IOSAPP > iphone13pro_icloud3 > Device Monitor > iosapp, , AttrsZone-home, LocDataZone-home, Located-21:18:14 (1 sec ago), iOSAppGPS-(-31.08136, 150.94173/±35m), iOSAppState-home), GPS-(-31.08136, 150.94173/±35m)
2023-05-09 21:18:15 [icloud3_main:0827]  IOSAPP > iphone13pro_icloud3 > ────▲─△─▲──── ▷▷ IOSAPP/IOSAPP ◁◁ IPHONE13PRO_ICLOUD3, CURRZONE-HOME, GEN UPDATE ────▲─△─▲────
2023-05-09 21:18:20 [iosapp_data_:0452]  IOSAPP >  UPDATED iOSApp > iphone13pro_icloud3, launch, 
													    • Loc-21:18:14, Home-6 m, (-31.08136, 150.94173/±35m)
2023-05-09 21:18:20 [iosapp_data_:0281]  IOSAPP > iphone13pro_icloud3 > iOSApp Monitor > Trigger-launch@21:18:17 (3 sec ago), State-home@21:18:14 (6 sec ago), LastTrigger-Sig Loc Change@21:18:14, iOSAppData-21:18:14, LastZoneEnter-home@17:36:08, WillUpdate-False-Before Last Update, Located-21:18:14 (iOSApp), GPS-(-31.08136, 150.94173/±35m), Enter Zone@17:36:08 (tbSmartHome/14 m)
2023-05-09 21:23:30 [iosapp_data_:0281]  IOSAPP > iphone13pro_icloud3 > iOSApp Monitor > Trigger-periodic@21:23:26 (5.2 min ago), State-home@21:18:14 (5.3 min ago), LastTrigger-Sig Loc Change@21:18:14, iOSAppData-21:18:14, LastZoneEnter-home@17:36:08, WillUpdate-False-Before Last Update, Located-21:18:14 (iOSApp), GPS-(-31.08136, 150.94173/±35m), Enter Zone@17:36:08 (tbSmartHome/14 m)
2023-05-09 21:23:55 [iosapp_data_:0452]  IOSAPP >  UPDATED iOSApp > iphone13pro_icloud3, Sig Loc Change, 
													    • Loc-21:23:51, Home-9 m, (-31.08134, 150.94177/±35m)
2023-05-09 21:23:55 [iosapp_data_:0281]  IOSAPP > iphone13pro_icloud3 > iOSApp Monitor > Trigger-Sig Loc Change@21:23:51 (4 sec ago), State-home@21:23:51 (4 sec ago), LastTrigger-Sig Loc Change@21:18:14, iOSAppData-21:23:51, LastZoneEnter-home@17:36:08, WillUpdate-True-Sig Loc Change@21:23:51, Located-21:18:14 (iOSApp), GPS-(-31.08134, 150.94177/±35m), Enter Zone@17:36:08 (tbSmartHome/14 m)
2023-05-09 21:23:55 [icloud3_main:0373]  IOSAPP > iphone13pro_icloud3 > Trigger > Sig Loc Change@21:23:51
2023-05-09 21:23:55 [icloud3_main:0648]  IOSAPP > iphone13pro_icloud3 > ────▼─▽─▼──── ▷▷ IOSAPP ◁◁ IPHONE13PRO_ICLOUD3, CURRZONE-HOME, SIG LOC CHANGE@21:23:51 ────▼─▽─▼────
2023-05-09 21:23:55 [icloud3_main:0861]  IOSAPP > iphone13pro_icloud3 > iOSApp update started > Sig Loc Change@21:23:51
2023-05-09 21:23:55 [icloud3_main:1059]  IOSAPP > iphone13pro_icloud3 > Zone > tbSmartHome-9 m/r100m, GPS-(-31.08134, 150.94177/±35m)
2023-05-09 21:23:55 [icloud3_main:1065]  IOSAPP > iphone13pro_icloud3 > Zone > tbSmartHome >  tbSmartHome-9 m,  TRC-1.33 km,  BGC-1.64 km
2023-05-09 21:23:55 [determine_in:1168]  IOSAPP > iphone13pro_icloud3 > Nearby Devices (<15m) > ⊗ipadpro_icloud3/iPad-18m/±35m±
2023-05-09 21:23:55 [icloud3_main:0933]  IOSAPP > iphone13pro_icloud3 > ────▼─▽─▼──── ▷▷ IOSAPP ◁◁ IPHONE13PRO_ICLOUD3, CURRZONE-HOME, HOME ────▼─▽─▼────
2023-05-09 21:23:55 [determine_in:0161]  IOSAPP > iphone13pro_icloud3 > DistFmZome-0, Moved-0, Waze-0, Calc-0.008878, TravTime-0.003986, Dir-InZone
2023-05-09 21:23:55 [determine_in:0549]  IOSAPP > iphone13pro_icloud3 > Results: From-tbSmartHome > NextUpdate-23:23:55, Interval-2 hrs, Battery-100%, Method-3.InHomeZone
2023-05-09 21:23:55 [determine_in:0570]  [iphone13pro_icloud3] Tracking Results: From-tbSmartHome > iOSAppZone-home, iC3Zone-home, Interval-2 hrs, TravTime-, Dist-0 m, NextUpdt-23:23:55, MaxDist-0 m, Dir-InZone, Moved-0 m, Battery-100%, LastDataUpdate-21:23:55, GPSAccuracy-35m, LocAge-4 sec ago, OldThreshold-2 min, LastEvLogMsg-21:23:55, Method-3.InHomeZone
2023-05-09 21:23:55 [icloud3_main:0939]  IOSAPP > iphone13pro_icloud3 > ────▲─△─▲──── ▷▷ IOSAPP ◁◁ IPHONE13PRO_ICLOUD3, CURRZONE-HOME, HOME ────▲─△─▲────
2023-05-09 21:23:55 [icloud3_main:0870]  IOSAPP > iphone13pro_icloud3 > iOSApp update completed > Date source - iOSApp
2023-05-09 21:23:55 [icloud3_main:1364]  IOSAPP > iphone13pro_icloud3 > Device Monitor > iosapp, , AttrsZone-home, LocDataZone-home, Located-21:23:51 (5 sec ago), iOSAppGPS-(-31.08134, 150.94177/±35m), iOSAppState-home), GPS-(-31.08134, 150.94177/±35m)
2023-05-09 21:23:55 [icloud3_main:0827]  IOSAPP > iphone13pro_icloud3 > ────▲─△─▲──── ▷▷ IOSAPP/IOSAPP ◁◁ IPHONE13PRO_ICLOUD3, CURRZONE-HOME, GEN UPDATE ────▲─△─▲────
2023-05-09 21:28:30 [iosapp_data_:0281]  IOSAPP > iphone13pro_icloud3 > iOSApp Monitor > Trigger-periodic@21:28:27 (4.7 min ago), State-home@21:23:51 (4.7 min ago), LastTrigger-Sig Loc Change@21:23:51, iOSAppData-21:23:51, LastZoneEnter-home@17:36:08, WillUpdate-False-Before Last Update, Located-21:23:51 (iOSApp), GPS-(-31.08134, 150.94177/±35m), Enter Zone@17:36:08 (tbSmartHome/14 m)
2023-05-09 21:30:00 [device......:1860]  Device Status > iphone13pro_icloud3 > NearDevice-None, iOSAppZone-home, iC3Zone-home, Interval-2 hrs, TravTime-0 sec, Dist-0 km, NextUpdt-23:23:55, Dir-@tbSmar, Moved-0.003986, LastUpdate-21:23:55, IntoStatZone@00:00:00, GPS-(-31.08134, 150.94177/±35m), LocAge-6.2 min ago, OldThreshold-2 min, LastEvLogMsg-21:28:30, Battery-100%, Full (iOSApp))
2023-05-09 21:30:00 [device......:1860]  Device Status > ipadpro_icloud3 > NearDevice-None, iOSAppZone-home, iC3Zone-home, Interval-2 hrs, TravTime-0 sec, Dist-0 km, NextUpdt-19:37:15, Dir-@tbSmar, Moved-0.01574, LastUpdate-17:37:15, IntoStatZone@00:00:00, GPS-(-31.08147, 150.94165/±35m), LocAge-3.9 hrs ago, OldThreshold-2 min, LastEvLogMsg-21:12:10, Battery-100%, Full (iOSApp))
2023-05-09 21:30:00 [icloud3_main:0589]  iphone13pro_icloud3 > Nearby Devices (<15m) > ⊗ipadpro_icloud3/iPad-18m/±35m±, , Checked-21:23:55
2023-05-09 21:30:00 [icloud3_main:0589]  ipadpro_icloud3 > Nearby Devices (<15m) > ⊗iphone13pro_icloud3/iPhone-25m/±6m, , Checked-17:37:15
2023-05-09 21:31:30 [iosapp_data_:0452]  IOSAPP >  UPDATED iOSApp > ipadpro_icloud3, launch, 
													    • Loc-17:36:08, Home-15 m, (-31.08147, 150.94165/±35m)
2023-05-09 21:31:30 [iosapp_data_:0281]  IOSAPP > ipadpro_icloud3 > iOSApp Monitor > Trigger-launch@21:31:27 (3 sec ago), State-home@17:36:08 (3.9 hrs ago), LastTrigger-Enter Zone@17:36:08, iOSAppData-17:36:08, LastZoneEnter-home@17:36:08, WillUpdate-False-Before Last Update, Located-17:36:08 (iOSApp), GPS-(-31.08147, 150.94165/±35m), Enter Zone@17:36:08 (tbSmartHome/15 m)
2023-05-09 21:32:10 [iosapp_data_:0281]  IOSAPP > ipadpro_icloud3 > iOSApp Monitor > Trigger-periodic@21:32:09 (43 sec ago), State-home@17:36:08 (3.9 hrs ago), LastTrigger-Enter Zone@17:36:08, iOSAppData-17:36:08, LastZoneEnter-home@17:36:08, WillUpdate-False-Before Last Update, Located-17:36:08 (iOSApp), GPS-(-31.08147, 150.94165/±35m), Enter Zone@17:36:08 (tbSmartHome/15 m)
2023-05-09 21:44:15 [iosapp_data_:0452]  IOSAPP >  UPDATED iOSApp > ipadpro_icloud3, Bkgnd Fetch, 
													    • Loc-17:36:08, Home-15 m, (-31.08147, 150.94165/±35m)
2023-05-09 21:44:15 [iosapp_data_:0281]  IOSAPP > ipadpro_icloud3 > iOSApp Monitor > Trigger-Bkgnd Fetch@21:44:14 (1 sec ago), State-home@17:36:08 (4.1 hrs ago), LastTrigger-Enter Zone@17:36:08, iOSAppData-17:36:08, LastZoneEnter-home@17:36:08, WillUpdate-False-Before Last Update, Located-17:36:08 (iOSApp), GPS-(-31.08147, 150.94165/±35m), Enter Zone@17:36:08 (tbSmartHome/15 m)
2023-05-09 21:44:20 [iosapp_data_:0452]  IOSAPP >  UPDATED iOSApp > ipadpro_icloud3, launch, 
													    • Loc-17:36:08, Home-15 m, (-31.08147, 150.94165/±35m)
2023-05-09 21:44:20 [iosapp_data_:0281]  IOSAPP > ipadpro_icloud3 > iOSApp Monitor > Trigger-launch@21:44:16 (4 sec ago), State-home@17:36:08 (4.1 hrs ago), LastTrigger-Enter Zone@17:36:08, iOSAppData-17:36:08, LastZoneEnter-home@17:36:08, WillUpdate-False-Before Last Update, Located-17:36:08 (iOSApp), GPS-(-31.08147, 150.94165/±35m), Enter Zone@17:36:08 (tbSmartHome/15 m)
2023-05-09 21:44:55 [iosapp_data_:0281]  IOSAPP > ipadpro_icloud3 > iOSApp Monitor > Trigger-periodic@21:44:55 (39 sec ago), State-home@17:36:08 (4.1 hrs ago), LastTrigger-Enter Zone@17:36:08, iOSAppData-17:36:08, LastZoneEnter-home@17:36:08, WillUpdate-False-Before Last Update, Located-17:36:08 (iOSApp), GPS-(-31.08147, 150.94165/±35m), Enter Zone@17:36:08 (tbSmartHome/15 m)
2023-05-09 21:45:00 [device......:1860]  Device Status > iphone13pro_icloud3 > NearDevice-None, iOSAppZone-home, iC3Zone-home, Interval-2 hrs, TravTime-0 sec, Dist-0 km, NextUpdt-23:23:55, Dir-@tbSmar, Moved-0.003986, LastUpdate-21:23:55, IntoStatZone@00:00:00, GPS-(-31.08134, 150.94177/±35m), LocAge-21.1 min ago, OldThreshold-2 min, LastEvLogMsg-21:30:00, Battery-100%, Full (iOSApp))
2023-05-09 21:45:00 [device......:1860]  Device Status > ipadpro_icloud3 > NearDevice-None, iOSAppZone-home, iC3Zone-home, Interval-2 hrs, TravTime-0 sec, Dist-0 km, NextUpdt-19:37:15, Dir-@tbSmar, Moved-0.01574, LastUpdate-17:37:15, IntoStatZone@00:00:00, GPS-(-31.08147, 150.94165/±35m), LocAge-4.1 hrs ago, OldThreshold-2 min, LastEvLogMsg-21:44:55, Battery-100%, Full (iOSApp))
2023-05-09 21:53:00 [iosapp_data_:0452]  IOSAPP >  UPDATED iOSApp > ipadpro_icloud3, Bkgnd Fetch, 
													    • Loc-17:36:08, Home-15 m, (-31.08147, 150.94165/±35m)
2023-05-09 21:53:00 [iosapp_data_:0281]  IOSAPP > ipadpro_icloud3 > iOSApp Monitor > Trigger-Bkgnd Fetch@21:52:55 (5 sec ago), State-home@17:36:08 (4.3 hrs ago), LastTrigger-Enter Zone@17:36:08, iOSAppData-17:36:08, LastZoneEnter-home@17:36:08, WillUpdate-False-Before Last Update, Located-17:36:08 (iOSApp), GPS-(-31.08147, 150.94165/±35m), Enter Zone@17:36:08 (tbSmartHome/15 m)
2023-05-09 21:53:15 [iosapp_data_:0281]  IOSAPP > ipadpro_icloud3 > iOSApp Monitor > Trigger-periodic@21:53:14 (20 sec ago), State-home@17:36:08 (4.3 hrs ago), LastTrigger-Enter Zone@17:36:08, iOSAppData-17:36:08, LastZoneEnter-home@17:36:08, WillUpdate-False-Before Last Update, Located-17:36:08 (iOSApp), GPS-(-31.08147, 150.94165/±35m), Enter Zone@17:36:08 (tbSmartHome/15 m)
2023-05-09 22:00:00 [device......:1860]  Device Status > iphone13pro_icloud3 > NearDevice-None, iOSAppZone-home, iC3Zone-home, Interval-2 hrs, TravTime-0 sec, Dist-0 km, NextUpdt-23:23:55, Dir-@tbSmar, Moved-0.003986, LastUpdate-21:23:55, IntoStatZone@00:00:00, GPS-(-31.08134, 150.94177/±35m), LocAge-36.1 min ago, OldThreshold-2 min, LastEvLogMsg-21:30:00, Battery-100%, Full (iOSApp))
2023-05-09 22:00:00 [device......:1860]  Device Status > ipadpro_icloud3 > NearDevice-None, iOSAppZone-home, iC3Zone-home, Interval-2 hrs, TravTime-0 sec, Dist-0 km, NextUpdt-19:37:15, Dir-@tbSmar, Moved-0.01574, LastUpdate-17:37:15, IntoStatZone@00:00:00, GPS-(-31.08147, 150.94165/±35m), LocAge-4.4 hrs ago, OldThreshold-2 min, LastEvLogMsg-21:53:15, Battery-100%, Full (iOSApp))
2023-05-09 22:00:00 [icloud3_main:0589]  iphone13pro_icloud3 > Nearby Devices (<15m) > ⊗ipadpro_icloud3/iPad-18m/±35m±, , Checked-21:23:55
2023-05-09 22:00:00 [icloud3_main:0589]  ipadpro_icloud3 > Nearby Devices (<15m) > ⊗iphone13pro_icloud3/iPhone-25m/±6m, , Checked-17:37:15
2023-05-09 22:15:00 [device......:1860]  Device Status > iphone13pro_icloud3 > NearDevice-None, iOSAppZone-home, iC3Zone-home, Interval-2 hrs, TravTime-0 sec, Dist-0 km, NextUpdt-23:23:55, Dir-@tbSmar, Moved-0.003986, LastUpdate-21:23:55, IntoStatZone@00:00:00, GPS-(-31.08134, 150.94177/±35m), LocAge-51.1 min ago, OldThreshold-2 min, LastEvLogMsg-22:00:00, Battery-100%, Full (iOSApp))
2023-05-09 22:15:00 [device......:1860]  Device Status > ipadpro_icloud3 > NearDevice-None, iOSAppZone-home, iC3Zone-home, Interval-2 hrs, TravTime-0 sec, Dist-0 km, NextUpdt-19:37:15, Dir-@tbSmar, Moved-0.01574, LastUpdate-17:37:15, IntoStatZone@00:00:00, GPS-(-31.08147, 150.94165/±35m), LocAge-4.6 hrs ago, OldThreshold-2 min, LastEvLogMsg-22:00:00, Battery-100%, Full (iOSApp))
2023-05-09 22:25:55 [icloud3_main:0513]  iphone13pro_icloud3 > Battery Info > Level-100%, Not Charging (iOSApp)
2023-05-09 22:25:55 [iosapp_data_:0452]  IOSAPP >  UPDATED iOSApp > iphone13pro_icloud3, signaled, 
													    • Loc-21:23:51, Home-9 m, (-31.08134, 150.94177/±35m)
2023-05-09 22:25:55 [iosapp_data_:0281]  IOSAPP > iphone13pro_icloud3 > iOSApp Monitor > Trigger-signaled@22:25:54 (1 sec ago), State-home@21:23:51 (1 hrs ago), LastTrigger-Sig Loc Change@21:23:51, iOSAppData-21:23:51, LastZoneEnter-home@17:36:08, WillUpdate-False-Before Last Update, Located-21:23:51 (iOSApp), GPS-(-31.08134, 150.94177/±35m), Enter Zone@17:36:08 (tbSmartHome/14 m)
2023-05-09 22:26:00 [icloud3_main:0513]  iphone13pro_icloud3 > Battery Info > Level-100%, Full (iOSApp)
2023-05-09 22:28:35 [iosapp_data_:0281]  IOSAPP > iphone13pro_icloud3 > iOSApp Monitor > Trigger-periodic@22:28:30 (2.7 min ago), State-home@21:23:51 (1.1 hrs ago), LastTrigger-Sig Loc Change@21:23:51, iOSAppData-21:23:51, LastZoneEnter-home@17:36:08, WillUpdate-False-Before Last Update, Located-21:23:51 (iOSApp), GPS-(-31.08134, 150.94177/±35m), Enter Zone@17:36:08 (tbSmartHome/14 m)
2023-05-09 22:30:00 [device......:1860]  Device Status > iphone13pro_icloud3 > NearDevice-None, iOSAppZone-home, iC3Zone-home, Interval-2 hrs, TravTime-0 sec, Dist-0 km, NextUpdt-23:23:55, Dir-@tbSmar, Moved-0.003986, LastUpdate-21:23:55, IntoStatZone@00:00:00, GPS-(-31.08134, 150.94177/±35m), LocAge-1.1 hrs ago, OldThreshold-2 min, LastEvLogMsg-22:28:35, Battery-100%, Full (iOSApp))
2023-05-09 22:30:00 [device......:1860]  Device Status > ipadpro_icloud3 > NearDevice-None, iOSAppZone-home, iC3Zone-home, Interval-2 hrs, TravTime-0 sec, Dist-0 km, NextUpdt-19:37:15, Dir-@tbSmar, Moved-0.01574, LastUpdate-17:37:15, IntoStatZone@00:00:00, GPS-(-31.08147, 150.94165/±35m), LocAge-4.9 hrs ago, OldThreshold-2 min, LastEvLogMsg-22:00:00, Battery-100%, Full (iOSApp))
2023-05-09 22:30:00 [icloud3_main:0589]  iphone13pro_icloud3 > Nearby Devices (<15m) > ⊗ipadpro_icloud3/iPad-18m/±35m±, , Checked-21:23:55
2023-05-09 22:30:00 [icloud3_main:0589]  ipadpro_icloud3 > Nearby Devices (<15m) > ⊗iphone13pro_icloud3/iPhone-25m/±6m, , Checked-17:37:15
2023-05-09 22:42:45 [icloud3_main:0513]  iphone13pro_icloud3 > Battery Info > Level-100%, Not Charging (iOSApp)
2023-05-09 22:42:45 [iosapp_data_:0452]  IOSAPP >  UPDATED iOSApp > iphone13pro_icloud3, signaled, 
													    • Loc-21:23:51, Home-9 m, (-31.08134, 150.94177/±35m)
2023-05-09 22:42:45 [iosapp_data_:0281]  IOSAPP > iphone13pro_icloud3 > iOSApp Monitor > Trigger-signaled@22:42:45 (0 sec ago), State-home@21:23:51 (1.3 hrs ago), LastTrigger-Sig Loc Change@21:23:51, iOSAppData-21:23:51, LastZoneEnter-home@17:36:08, WillUpdate-False-Before Last Update, Located-21:23:51 (iOSApp), GPS-(-31.08134, 150.94177/±35m), Enter Zone@17:36:08 (tbSmartHome/14 m)
2023-05-09 22:42:50 [icloud3_main:0513]  iphone13pro_icloud3 > Battery Info > Level-100%, Full (iOSApp)
2023-05-09 22:44:05 [iosapp_data_:0281]  IOSAPP > iphone13pro_icloud3 > iOSApp Monitor > Trigger-periodic@22:44:02 (1.3 min ago), State-home@21:23:51 (1.3 hrs ago), LastTrigger-Sig Loc Change@21:23:51, iOSAppData-21:23:51, LastZoneEnter-home@17:36:08, WillUpdate-False-Before Last Update, Located-21:23:51 (iOSApp), GPS-(-31.08134, 150.94177/±35m), Enter Zone@17:36:08 (tbSmartHome/14 m)
2023-05-09 22:45:00 [device......:1860]  Device Status > iphone13pro_icloud3 > NearDevice-None, iOSAppZone-home, iC3Zone-home, Interval-2 hrs, TravTime-0 sec, Dist-0 km, NextUpdt-23:23:55, Dir-@tbSmar, Moved-0.003986, LastUpdate-21:23:55, IntoStatZone@00:00:00, GPS-(-31.08134, 150.94177/±35m), LocAge-1.4 hrs ago, OldThreshold-2 min, LastEvLogMsg-22:44:05, Battery-100%, Full (iOSApp))
2023-05-09 22:45:00 [device......:1860]  Device Status > ipadpro_icloud3 > NearDevice-None, iOSAppZone-home, iC3Zone-home, Interval-2 hrs, TravTime-0 sec, Dist-0 km, NextUpdt-19:37:15, Dir-@tbSmar, Moved-0.01574, LastUpdate-17:37:15, IntoStatZone@00:00:00, GPS-(-31.08147, 150.94165/±35m), LocAge-5.1 hrs ago, OldThreshold-2 min, LastEvLogMsg-22:30:00, Battery-100%, Full (iOSApp))
2023-05-09 23:00:00 [device......:1860]  Device Status > iphone13pro_icloud3 > NearDevice-None, iOSAppZone-home, iC3Zone-home, Interval-2 hrs, TravTime-0 sec, Dist-0 km, NextUpdt-23:23:55, Dir-@tbSmar, Moved-0.003986, LastUpdate-21:23:55, IntoStatZone@00:00:00, GPS-(-31.08134, 150.94177/±35m), LocAge-1.6 hrs ago, OldThreshold-2 min, LastEvLogMsg-22:44:05, Battery-100%, Full (iOSApp))
2023-05-09 23:00:00 [device......:1860]  Device Status > ipadpro_icloud3 > NearDevice-None, iOSAppZone-home, iC3Zone-home, Interval-2 hrs, TravTime-0 sec, Dist-0 km, NextUpdt-19:37:15, Dir-@tbSmar, Moved-0.01574, LastUpdate-17:37:15, IntoStatZone@00:00:00, GPS-(-31.08147, 150.94165/±35m), LocAge-5.4 hrs ago, OldThreshold-2 min, LastEvLogMsg-22:30:00, Battery-100%, Full (iOSApp))
2023-05-09 23:00:00 [icloud3_main:0589]  iphone13pro_icloud3 > Nearby Devices (<15m) > ⊗ipadpro_icloud3/iPad-18m/±35m±, , Checked-21:23:55
2023-05-09 23:00:00 [icloud3_main:0589]  ipadpro_icloud3 > Nearby Devices (<15m) > ⊗iphone13pro_icloud3/iPhone-25m/±6m, , Checked-17:37:15
2023-05-09 23:15:00 [device......:1860]  Device Status > iphone13pro_icloud3 > NearDevice-None, iOSAppZone-home, iC3Zone-home, Interval-2 hrs, TravTime-0 sec, Dist-0 km, NextUpdt-23:23:55, Dir-@tbSmar, Moved-0.003986, LastUpdate-21:23:55, IntoStatZone@00:00:00, GPS-(-31.08134, 150.94177/±35m), LocAge-1.9 hrs ago, OldThreshold-2 min, LastEvLogMsg-23:00:00, Battery-100%, Full (iOSApp))
2023-05-09 23:15:00 [device......:1860]  Device Status > ipadpro_icloud3 > NearDevice-None, iOSAppZone-home, iC3Zone-home, Interval-2 hrs, TravTime-0 sec, Dist-0 km, NextUpdt-19:37:15, Dir-@tbSmar, Moved-0.01574, LastUpdate-17:37:15, IntoStatZone@00:00:00, GPS-(-31.08147, 150.94165/±35m), LocAge-5.6 hrs ago, OldThreshold-2 min, LastEvLogMsg-23:00:00, Battery-100%, Full (iOSApp))
2023-05-09 23:30:00 [device......:1860]  Device Status > iphone13pro_icloud3 > NearDevice-None, iOSAppZone-home, iC3Zone-home, Interval-2 hrs, TravTime-0 sec, Dist-0 km, NextUpdt-23:23:55, Dir-@tbSmar, Moved-0.003986, LastUpdate-21:23:55, IntoStatZone@00:00:00, GPS-(-31.08134, 150.94177/±35m), LocAge-2.1 hrs ago, OldThreshold-2 min, LastEvLogMsg-23:00:00, Battery-100%, Full (iOSApp))
2023-05-09 23:30:00 [device......:1860]  Device Status > ipadpro_icloud3 > NearDevice-None, iOSAppZone-home, iC3Zone-home, Interval-2 hrs, TravTime-0 sec, Dist-0 km, NextUpdt-19:37:15, Dir-@tbSmar, Moved-0.01574, LastUpdate-17:37:15, IntoStatZone@00:00:00, GPS-(-31.08147, 150.94165/±35m), LocAge-5.9 hrs ago, OldThreshold-2 min, LastEvLogMsg-23:00:00, Battery-100%, Full (iOSApp))
2023-05-09 23:30:00 [icloud3_main:0589]  iphone13pro_icloud3 > Nearby Devices (<15m) > ⊗ipadpro_icloud3/iPad-18m/±35m±, , Checked-21:23:55
2023-05-09 23:30:00 [icloud3_main:0589]  ipadpro_icloud3 > Nearby Devices (<15m) > ⊗iphone13pro_icloud3/iPhone-25m/±6m, , Checked-17:37:15
2023-05-09 23:45:00 [device......:1860]  Device Status > iphone13pro_icloud3 > NearDevice-None, iOSAppZone-home, iC3Zone-home, Interval-2 hrs, TravTime-0 sec, Dist-0 km, NextUpdt-23:23:55, Dir-@tbSmar, Moved-0.003986, LastUpdate-21:23:55, IntoStatZone@00:00:00, GPS-(-31.08134, 150.94177/±35m), LocAge-2.4 hrs ago, OldThreshold-2 min, LastEvLogMsg-23:30:00, Battery-100%, Full (iOSApp))
2023-05-09 23:45:00 [device......:1860]  Device Status > ipadpro_icloud3 > NearDevice-None, iOSAppZone-home, iC3Zone-home, Interval-2 hrs, TravTime-0 sec, Dist-0 km, NextUpdt-19:37:15, Dir-@tbSmar, Moved-0.01574, LastUpdate-17:37:15, IntoStatZone@00:00:00, GPS-(-31.08147, 150.94165/±35m), LocAge-6.1 hrs ago, OldThreshold-2 min, LastEvLogMsg-23:30:00, Battery-100%, Full (iOSApp))
2023-05-10 00:00:00 [icloud3_main:1453]  iphone13pro_icloud3 > iCloud3 v3.0.0b15 Daily Summary > Wednesday, May 10
2023-05-10 00:00:00 [icloud3_main:1453]  ipadpro_icloud3 > iCloud3 v3.0.0b15 Daily Summary > Wednesday, May 10
2023-05-10 00:00:00 [waze_history:0354]  iphone13pro_icloud3 > WazeHistDB > Get All Records, Table-locations, Criteria- zone_id NOT IN (1), RecdCnt-0
2023-05-10 00:00:00 [waze_history:0496]  Waze History Database > Compressed, Record Count-0
2023-05-10 00:00:00 [waze_history:0354]  iphone13pro_icloud3 > WazeHistDB > Get All Records, Table-locations, Criteria-, RecdCnt-0
2023-05-10 00:00:00 [waze_history:0884]  Waze History > Refreshing locations that can be displayed in a HA Map using `sensor.icloud3_wazehist_track`, RecordCnt-0, OrderedBy-North-South
