
Migration Started, 2023-03-13 18:47:51

Converting parameters, Source: config_ic3.yaml
 -- Skipped, config_ic3.yaml not used

Created iCloud3 configuration file: /config/.storage/icloud3/configuration

Migration Complete, Writing Configuration File
Profile
  -- version: 0
  -- ic3_version: 3.0.0b14a
  -- event_log_card_directory: www/custom_cards
  -- event_log_card_program: icloud3-event-log-card.js
Tracking
  -- encode_password: True
  -- setup_icloud_session_early: True
  -- data_source: icloud,iosapp
  -- devices: []
General
  -- log_level: info
  -- unit_of_measurement: mi
  -- time_format: 12-hour
  -- display_zone_format: fname
  -- device_tracker_state_format: fname
  -- max_interval: 240.0
  -- offline_interval: 20
  -- exit_zone_interval: 3
  -- iosapp_alive_interval: 60
  -- old_location_threshold: 3.0
  -- old_location_adjustment: 0
  -- gps_accuracy_threshold: 100
  -- travel_time_factor: 0.6
  -- tfz_tracking_max_distance: 8
  -- passthru_zone_time: 0.5
  -- track_from_base_zone: home
  -- track_from_home_zone: True
  -- center_in_zone: False
  -- discard_poor_gps_inzone: False
  -- distance_between_devices: True
  -- inzone_intervals: {'iphone': 120, 'ipad': 120, 'watch': 15, 'airpods': 15, 'no_iosapp': 15, 'other': 120}
  -- waze_used: True
  -- waze_region: us
  -- waze_min_distance: 1
  -- waze_max_distance: 1000
  -- waze_realtime: False
  -- waze_history_database_used: True
  -- waze_history_max_distance: 20
  -- waze_history_track_direction: north_south
  -- stat_zone_fname: [name]Zone
  -- stat_zone_still_time: 8.0
  -- stat_zone_inzone_interval: 30.0
  -- stat_zone_base_latitude: 1
  -- stat_zone_base_longitude: 0
  -- display_text_as: ['#1', '#2', '#3', '#4', '#5', '#6', '#7', '#8', '#9', '#10']
Sensors
  -- monitored_devices: ['md_badge', 'md_battery']
  -- device: ['name', 'badge', 'battery', 'info']
  -- tracking_update: ['interval', 'last_located', 'last_update', 'next_update']
  -- tracking_time: ['travel_time', 'travel_time_min']
  -- tracking_distance: ['home_distance', 'zone_distance', 'moved_distance', 'dir_of_travel']
  -- track_from_zones: ['tfz_zone_info']
  -- tracking_other: []
  -- zone: ['zone_name']
  -- other: []
  -- excluded_sensors: ['None']
